{"Z:\\Study\\MDU-Data-Structor\\structure\\index.ts": {"path":"Z:\\Study\\MDU-Data-Structor\\structure\\index.ts","all":false,"statementMap":{"0":{"start":{"line":1,"column":0},"end":{"line":1,"column":34}},"1":{"start":{"line":2,"column":0},"end":{"line":2,"column":34}},"2":{"start":{"line":3,"column":0},"end":{"line":3,"column":37}},"3":{"start":{"line":4,"column":0},"end":{"line":4,"column":33}}},"s":{"0":1,"1":1,"2":1,"3":1},"branchMap":{},"b":{},"fnMap":{},"f":{}}
,"Z:\\Study\\MDU-Data-Structor\\structure\\common\\BaseClass.ts": {"path":"Z:\\Study\\MDU-Data-Structor\\structure\\common\\BaseClass.ts","all":false,"statementMap":{"0":{"start":{"line":1,"column":0},"end":{"line":1,"column":24}},"1":{"start":{"line":2,"column":0},"end":{"line":2,"column":22}},"2":{"start":{"line":3,"column":0},"end":{"line":3,"column":18}},"3":{"start":{"line":4,"column":0},"end":{"line":4,"column":54}},"4":{"start":{"line":5,"column":0},"end":{"line":5,"column":32}},"5":{"start":{"line":6,"column":0},"end":{"line":6,"column":5}},"6":{"start":{"line":7,"column":0},"end":{"line":7,"column":15}},"7":{"start":{"line":8,"column":0},"end":{"line":8,"column":15}},"8":{"start":{"line":9,"column":0},"end":{"line":9,"column":3}},"9":{"start":{"line":10,"column":0},"end":{"line":10,"column":1}}},"s":{"0":1,"1":1,"2":0,"3":0,"4":0,"5":0,"6":0,"7":0,"8":0,"9":1},"branchMap":{},"b":{},"fnMap":{"0":{"name":"toString","decl":{"start":{"line":2,"column":2},"end":{"line":9,"column":3}},"loc":{"start":{"line":2,"column":2},"end":{"line":9,"column":3}},"line":2}},"f":{"0":0}}
,"Z:\\Study\\MDU-Data-Structor\\structure\\common\\BaseNode.ts": {"path":"Z:\\Study\\MDU-Data-Structor\\structure\\common\\BaseNode.ts","all":false,"statementMap":{"0":{"start":{"line":1,"column":0},"end":{"line":1,"column":38}},"1":{"start":{"line":2,"column":0},"end":{"line":2,"column":0}},"2":{"start":{"line":3,"column":0},"end":{"line":3,"column":26}},"3":{"start":{"line":4,"column":0},"end":{"line":4,"column":11}},"4":{"start":{"line":5,"column":0},"end":{"line":5,"column":39}},"5":{"start":{"line":6,"column":0},"end":{"line":6,"column":23}},"6":{"start":{"line":7,"column":0},"end":{"line":7,"column":21}},"7":{"start":{"line":8,"column":0},"end":{"line":8,"column":21}},"8":{"start":{"line":9,"column":0},"end":{"line":9,"column":3}},"9":{"start":{"line":10,"column":0},"end":{"line":10,"column":1}},"10":{"start":{"line":11,"column":0},"end":{"line":11,"column":0}},"11":{"start":{"line":12,"column":0},"end":{"line":12,"column":32}},"12":{"start":{"line":13,"column":0},"end":{"line":13,"column":11}},"13":{"start":{"line":14,"column":0},"end":{"line":14,"column":45}},"14":{"start":{"line":15,"column":0},"end":{"line":15,"column":45}},"15":{"start":{"line":16,"column":0},"end":{"line":16,"column":23}},"16":{"start":{"line":17,"column":0},"end":{"line":17,"column":21}},"17":{"start":{"line":18,"column":0},"end":{"line":18,"column":21}},"18":{"start":{"line":19,"column":0},"end":{"line":19,"column":21}},"19":{"start":{"line":20,"column":0},"end":{"line":20,"column":3}},"20":{"start":{"line":21,"column":0},"end":{"line":21,"column":1}},"21":{"start":{"line":22,"column":0},"end":{"line":22,"column":0}},"22":{"start":{"line":23,"column":0},"end":{"line":23,"column":26}},"23":{"start":{"line":24,"column":0},"end":{"line":24,"column":32}},"24":{"start":{"line":25,"column":0},"end":{"line":25,"column":11}},"25":{"start":{"line":26,"column":0},"end":{"line":26,"column":39}},"26":{"start":{"line":27,"column":0},"end":{"line":27,"column":40}},"27":{"start":{"line":28,"column":0},"end":{"line":28,"column":0}},"28":{"start":{"line":29,"column":0},"end":{"line":29,"column":23}},"29":{"start":{"line":30,"column":0},"end":{"line":30,"column":21}},"30":{"start":{"line":31,"column":0},"end":{"line":31,"column":22}},"31":{"start":{"line":32,"column":0},"end":{"line":32,"column":21}},"32":{"start":{"line":33,"column":0},"end":{"line":33,"column":22}},"33":{"start":{"line":34,"column":0},"end":{"line":34,"column":3}},"34":{"start":{"line":35,"column":0},"end":{"line":35,"column":1}}},"s":{"0":1,"1":1,"2":1,"3":1,"4":5,"5":1,"6":5,"7":5,"8":5,"9":1,"10":1,"11":1,"12":1,"13":5,"14":5,"15":1,"16":5,"17":5,"18":5,"19":5,"20":1,"21":1,"22":1,"23":1,"24":12,"25":12,"26":12,"27":1,"28":1,"29":12,"30":12,"31":12,"32":12,"33":12,"34":1},"branchMap":{"0":{"type":"branch","line":4,"loc":{"start":{"line":4,"column":2},"end":{"line":5,"column":39}},"locations":[{"start":{"line":4,"column":2},"end":{"line":5,"column":39}}]},"1":{"type":"branch","line":6,"loc":{"start":{"line":6,"column":2},"end":{"line":9,"column":3}},"locations":[{"start":{"line":6,"column":2},"end":{"line":9,"column":3}}]},"2":{"type":"branch","line":13,"loc":{"start":{"line":13,"column":2},"end":{"line":15,"column":45}},"locations":[{"start":{"line":13,"column":2},"end":{"line":15,"column":45}}]},"3":{"type":"branch","line":16,"loc":{"start":{"line":16,"column":2},"end":{"line":20,"column":3}},"locations":[{"start":{"line":16,"column":2},"end":{"line":20,"column":3}}]},"4":{"type":"branch","line":24,"loc":{"start":{"line":24,"column":2},"end":{"line":27,"column":40}},"locations":[{"start":{"line":24,"column":2},"end":{"line":27,"column":40}}]},"5":{"type":"branch","line":29,"loc":{"start":{"line":29,"column":2},"end":{"line":34,"column":3}},"locations":[{"start":{"line":29,"column":2},"end":{"line":34,"column":3}}]}},"b":{"0":[5],"1":[5],"2":[5],"3":[5],"4":[12],"5":[12]},"fnMap":{"0":{"name":"<instance_members_initializer>","decl":{"start":{"line":4,"column":2},"end":{"line":5,"column":39}},"loc":{"start":{"line":4,"column":2},"end":{"line":5,"column":39}},"line":4},"1":{"name":"LinkNode","decl":{"start":{"line":6,"column":2},"end":{"line":9,"column":3}},"loc":{"start":{"line":6,"column":2},"end":{"line":9,"column":3}},"line":6},"2":{"name":"<instance_members_initializer>","decl":{"start":{"line":13,"column":2},"end":{"line":15,"column":45}},"loc":{"start":{"line":13,"column":2},"end":{"line":15,"column":45}},"line":13},"3":{"name":"DoubleLinkNode","decl":{"start":{"line":16,"column":2},"end":{"line":20,"column":3}},"loc":{"start":{"line":16,"column":2},"end":{"line":20,"column":3}},"line":16},"4":{"name":"<instance_members_initializer>","decl":{"start":{"line":24,"column":2},"end":{"line":27,"column":40}},"loc":{"start":{"line":24,"column":2},"end":{"line":27,"column":40}},"line":24},"5":{"name":"TreeNode","decl":{"start":{"line":29,"column":2},"end":{"line":34,"column":3}},"loc":{"start":{"line":29,"column":2},"end":{"line":34,"column":3}},"line":29}},"f":{"0":5,"1":5,"2":5,"3":5,"4":12,"5":12}}
,"Z:\\Study\\MDU-Data-Structor\\structure\\module\\LinkList.ts": {"path":"Z:\\Study\\MDU-Data-Structor\\structure\\module\\LinkList.ts","all":false,"statementMap":{"0":{"start":{"line":1,"column":0},"end":{"line":1,"column":48}},"1":{"start":{"line":2,"column":0},"end":{"line":2,"column":62}},"2":{"start":{"line":3,"column":0},"end":{"line":3,"column":60}},"3":{"start":{"line":4,"column":0},"end":{"line":4,"column":0}},"4":{"start":{"line":5,"column":0},"end":{"line":5,"column":50}},"5":{"start":{"line":6,"column":0},"end":{"line":6,"column":62}},"6":{"start":{"line":7,"column":0},"end":{"line":7,"column":44}},"7":{"start":{"line":8,"column":0},"end":{"line":8,"column":0}},"8":{"start":{"line":9,"column":0},"end":{"line":9,"column":6}},"9":{"start":{"line":10,"column":0},"end":{"line":10,"column":44}},"10":{"start":{"line":11,"column":0},"end":{"line":11,"column":20}},"11":{"start":{"line":12,"column":0},"end":{"line":12,"column":15}},"12":{"start":{"line":13,"column":0},"end":{"line":13,"column":0}},"13":{"start":{"line":14,"column":0},"end":{"line":14,"column":26}},"14":{"start":{"line":15,"column":0},"end":{"line":15,"column":0}},"15":{"start":{"line":16,"column":0},"end":{"line":16,"column":60}},"16":{"start":{"line":17,"column":0},"end":{"line":17,"column":12}},"17":{"start":{"line":18,"column":0},"end":{"line":18,"column":21}},"18":{"start":{"line":19,"column":0},"end":{"line":19,"column":18}},"19":{"start":{"line":20,"column":0},"end":{"line":20,"column":31}},"20":{"start":{"line":21,"column":0},"end":{"line":21,"column":3}},"21":{"start":{"line":22,"column":0},"end":{"line":22,"column":0}},"22":{"start":{"line":23,"column":0},"end":{"line":23,"column":9}},"23":{"start":{"line":24,"column":0},"end":{"line":24,"column":15}},"24":{"start":{"line":25,"column":0},"end":{"line":25,"column":16}},"25":{"start":{"line":26,"column":0},"end":{"line":26,"column":40}},"26":{"start":{"line":27,"column":0},"end":{"line":27,"column":54}},"27":{"start":{"line":28,"column":0},"end":{"line":28,"column":31}},"28":{"start":{"line":29,"column":0},"end":{"line":29,"column":5}},"29":{"start":{"line":30,"column":0},"end":{"line":30,"column":24}},"30":{"start":{"line":31,"column":0},"end":{"line":31,"column":3}},"31":{"start":{"line":32,"column":0},"end":{"line":32,"column":0}},"32":{"start":{"line":33,"column":0},"end":{"line":33,"column":11}},"33":{"start":{"line":34,"column":0},"end":{"line":34,"column":17}},"34":{"start":{"line":35,"column":0},"end":{"line":35,"column":28}},"35":{"start":{"line":36,"column":0},"end":{"line":36,"column":20}},"36":{"start":{"line":37,"column":0},"end":{"line":37,"column":13}},"37":{"start":{"line":38,"column":0},"end":{"line":38,"column":5}},"38":{"start":{"line":39,"column":0},"end":{"line":39,"column":16}},"39":{"start":{"line":40,"column":0},"end":{"line":40,"column":40}},"40":{"start":{"line":41,"column":0},"end":{"line":41,"column":26}},"41":{"start":{"line":42,"column":0},"end":{"line":42,"column":25}},"42":{"start":{"line":43,"column":0},"end":{"line":43,"column":25}},"43":{"start":{"line":44,"column":0},"end":{"line":44,"column":5}},"44":{"start":{"line":45,"column":0},"end":{"line":45,"column":25}},"45":{"start":{"line":46,"column":0},"end":{"line":46,"column":3}},"46":{"start":{"line":47,"column":0},"end":{"line":47,"column":0}},"47":{"start":{"line":48,"column":0},"end":{"line":48,"column":17}},"48":{"start":{"line":49,"column":0},"end":{"line":49,"column":42}},"49":{"start":{"line":50,"column":0},"end":{"line":50,"column":53}},"50":{"start":{"line":51,"column":0},"end":{"line":51,"column":26}},"51":{"start":{"line":52,"column":0},"end":{"line":52,"column":16}},"52":{"start":{"line":53,"column":0},"end":{"line":53,"column":23}},"53":{"start":{"line":54,"column":0},"end":{"line":54,"column":12}},"54":{"start":{"line":55,"column":0},"end":{"line":55,"column":26}},"55":{"start":{"line":56,"column":0},"end":{"line":56,"column":5}},"56":{"start":{"line":57,"column":0},"end":{"line":57,"column":17}},"57":{"start":{"line":58,"column":0},"end":{"line":58,"column":3}},"58":{"start":{"line":59,"column":0},"end":{"line":59,"column":0}},"59":{"start":{"line":60,"column":0},"end":{"line":60,"column":11}},"60":{"start":{"line":61,"column":0},"end":{"line":61,"column":23}},"61":{"start":{"line":62,"column":0},"end":{"line":62,"column":27}},"62":{"start":{"line":63,"column":0},"end":{"line":63,"column":43}},"63":{"start":{"line":64,"column":0},"end":{"line":64,"column":20}},"64":{"start":{"line":65,"column":0},"end":{"line":65,"column":30}},"65":{"start":{"line":66,"column":0},"end":{"line":66,"column":29}},"66":{"start":{"line":67,"column":0},"end":{"line":67,"column":24}},"67":{"start":{"line":68,"column":0},"end":{"line":68,"column":13}},"68":{"start":{"line":69,"column":0},"end":{"line":69,"column":5}},"69":{"start":{"line":70,"column":0},"end":{"line":70,"column":60}},"70":{"start":{"line":71,"column":0},"end":{"line":71,"column":34}},"71":{"start":{"line":72,"column":0},"end":{"line":72,"column":3}},"72":{"start":{"line":73,"column":0},"end":{"line":73,"column":0}},"73":{"start":{"line":74,"column":0},"end":{"line":74,"column":11}},"74":{"start":{"line":75,"column":0},"end":{"line":75,"column":30}},"75":{"start":{"line":76,"column":0},"end":{"line":76,"column":43}},"76":{"start":{"line":77,"column":0},"end":{"line":77,"column":50}},"77":{"start":{"line":78,"column":0},"end":{"line":78,"column":40}},"78":{"start":{"line":79,"column":0},"end":{"line":79,"column":60}},"79":{"start":{"line":80,"column":0},"end":{"line":80,"column":37}},"80":{"start":{"line":81,"column":0},"end":{"line":81,"column":31}},"81":{"start":{"line":82,"column":0},"end":{"line":82,"column":25}},"82":{"start":{"line":83,"column":0},"end":{"line":83,"column":3}},"83":{"start":{"line":84,"column":0},"end":{"line":84,"column":0}},"84":{"start":{"line":85,"column":0},"end":{"line":85,"column":12}},"85":{"start":{"line":86,"column":0},"end":{"line":86,"column":26}},"86":{"start":{"line":87,"column":0},"end":{"line":87,"column":26}},"87":{"start":{"line":88,"column":0},"end":{"line":88,"column":16}},"88":{"start":{"line":89,"column":0},"end":{"line":89,"column":19}},"89":{"start":{"line":90,"column":0},"end":{"line":90,"column":54}},"90":{"start":{"line":91,"column":0},"end":{"line":91,"column":12}},"91":{"start":{"line":92,"column":0},"end":{"line":92,"column":25}},"92":{"start":{"line":93,"column":0},"end":{"line":93,"column":5}},"93":{"start":{"line":94,"column":0},"end":{"line":94,"column":20}},"94":{"start":{"line":95,"column":0},"end":{"line":95,"column":3}},"95":{"start":{"line":96,"column":0},"end":{"line":96,"column":0}},"96":{"start":{"line":97,"column":0},"end":{"line":97,"column":22}},"97":{"start":{"line":98,"column":0},"end":{"line":98,"column":26}},"98":{"start":{"line":99,"column":0},"end":{"line":99,"column":32}},"99":{"start":{"line":100,"column":0},"end":{"line":100,"column":24}},"100":{"start":{"line":101,"column":0},"end":{"line":101,"column":19}},"101":{"start":{"line":102,"column":0},"end":{"line":102,"column":36}},"102":{"start":{"line":103,"column":0},"end":{"line":103,"column":25}},"103":{"start":{"line":104,"column":0},"end":{"line":104,"column":5}},"104":{"start":{"line":105,"column":0},"end":{"line":105,"column":15}},"105":{"start":{"line":106,"column":0},"end":{"line":106,"column":3}},"106":{"start":{"line":107,"column":0},"end":{"line":107,"column":1}},"107":{"start":{"line":108,"column":0},"end":{"line":108,"column":0}},"108":{"start":{"line":109,"column":0},"end":{"line":109,"column":6}},"109":{"start":{"line":110,"column":0},"end":{"line":110,"column":50}},"110":{"start":{"line":111,"column":0},"end":{"line":111,"column":26}},"111":{"start":{"line":112,"column":0},"end":{"line":112,"column":26}},"112":{"start":{"line":113,"column":0},"end":{"line":113,"column":15}},"113":{"start":{"line":114,"column":0},"end":{"line":114,"column":0}},"114":{"start":{"line":115,"column":0},"end":{"line":115,"column":26}},"115":{"start":{"line":116,"column":0},"end":{"line":116,"column":0}},"116":{"start":{"line":117,"column":0},"end":{"line":117,"column":60}},"117":{"start":{"line":118,"column":0},"end":{"line":118,"column":12}},"118":{"start":{"line":119,"column":0},"end":{"line":119,"column":31}},"119":{"start":{"line":120,"column":0},"end":{"line":120,"column":21}},"120":{"start":{"line":121,"column":0},"end":{"line":121,"column":21}},"121":{"start":{"line":122,"column":0},"end":{"line":122,"column":18}},"122":{"start":{"line":123,"column":0},"end":{"line":123,"column":3}},"123":{"start":{"line":124,"column":0},"end":{"line":124,"column":0}},"124":{"start":{"line":125,"column":0},"end":{"line":125,"column":24}},"125":{"start":{"line":126,"column":0},"end":{"line":126,"column":46}},"126":{"start":{"line":127,"column":0},"end":{"line":127,"column":16}},"127":{"start":{"line":128,"column":0},"end":{"line":128,"column":35}},"128":{"start":{"line":129,"column":0},"end":{"line":129,"column":26}},"129":{"start":{"line":130,"column":0},"end":{"line":130,"column":26}},"130":{"start":{"line":131,"column":0},"end":{"line":131,"column":18}},"131":{"start":{"line":132,"column":0},"end":{"line":132,"column":5}},"132":{"start":{"line":133,"column":0},"end":{"line":133,"column":27}},"133":{"start":{"line":134,"column":0},"end":{"line":134,"column":44}},"134":{"start":{"line":135,"column":0},"end":{"line":135,"column":44}},"135":{"start":{"line":136,"column":0},"end":{"line":136,"column":36}},"136":{"start":{"line":137,"column":0},"end":{"line":137,"column":16}},"137":{"start":{"line":138,"column":0},"end":{"line":138,"column":3}},"138":{"start":{"line":139,"column":0},"end":{"line":139,"column":0}},"139":{"start":{"line":140,"column":0},"end":{"line":140,"column":26}},"140":{"start":{"line":141,"column":0},"end":{"line":141,"column":20}},"141":{"start":{"line":142,"column":0},"end":{"line":142,"column":55}},"142":{"start":{"line":143,"column":0},"end":{"line":143,"column":16}},"143":{"start":{"line":144,"column":0},"end":{"line":144,"column":46}},"144":{"start":{"line":145,"column":0},"end":{"line":145,"column":29}},"145":{"start":{"line":146,"column":0},"end":{"line":146,"column":29}},"146":{"start":{"line":147,"column":0},"end":{"line":147,"column":24}},"147":{"start":{"line":148,"column":0},"end":{"line":148,"column":16}},"148":{"start":{"line":149,"column":0},"end":{"line":149,"column":3}},"149":{"start":{"line":150,"column":0},"end":{"line":150,"column":0}},"150":{"start":{"line":151,"column":0},"end":{"line":151,"column":33}},"151":{"start":{"line":152,"column":0},"end":{"line":152,"column":60}},"152":{"start":{"line":153,"column":0},"end":{"line":153,"column":64}},"153":{"start":{"line":154,"column":0},"end":{"line":154,"column":23}},"154":{"start":{"line":155,"column":0},"end":{"line":155,"column":49}},"155":{"start":{"line":156,"column":0},"end":{"line":156,"column":45}},"156":{"start":{"line":157,"column":0},"end":{"line":157,"column":15}},"157":{"start":{"line":158,"column":0},"end":{"line":158,"column":30}},"158":{"start":{"line":159,"column":0},"end":{"line":159,"column":48}},"159":{"start":{"line":160,"column":0},"end":{"line":160,"column":27}},"160":{"start":{"line":161,"column":0},"end":{"line":161,"column":14}},"161":{"start":{"line":162,"column":0},"end":{"line":162,"column":7}},"162":{"start":{"line":163,"column":0},"end":{"line":163,"column":38}},"163":{"start":{"line":164,"column":0},"end":{"line":164,"column":12}},"164":{"start":{"line":165,"column":0},"end":{"line":165,"column":18}},"165":{"start":{"line":166,"column":0},"end":{"line":166,"column":48}},"166":{"start":{"line":167,"column":0},"end":{"line":167,"column":27}},"167":{"start":{"line":168,"column":0},"end":{"line":168,"column":14}},"168":{"start":{"line":169,"column":0},"end":{"line":169,"column":7}},"169":{"start":{"line":170,"column":0},"end":{"line":170,"column":38}},"170":{"start":{"line":171,"column":0},"end":{"line":171,"column":5}},"171":{"start":{"line":172,"column":0},"end":{"line":172,"column":17}},"172":{"start":{"line":173,"column":0},"end":{"line":173,"column":3}},"173":{"start":{"line":174,"column":0},"end":{"line":174,"column":0}},"174":{"start":{"line":175,"column":0},"end":{"line":175,"column":26}},"175":{"start":{"line":176,"column":0},"end":{"line":176,"column":30}},"176":{"start":{"line":177,"column":0},"end":{"line":177,"column":16}},"177":{"start":{"line":178,"column":0},"end":{"line":178,"column":26}},"178":{"start":{"line":179,"column":0},"end":{"line":179,"column":19}},"179":{"start":{"line":180,"column":0},"end":{"line":180,"column":54}},"180":{"start":{"line":181,"column":0},"end":{"line":181,"column":46}},"181":{"start":{"line":182,"column":0},"end":{"line":182,"column":12}},"182":{"start":{"line":183,"column":0},"end":{"line":183,"column":5}},"183":{"start":{"line":184,"column":0},"end":{"line":184,"column":14}},"184":{"start":{"line":185,"column":0},"end":{"line":185,"column":3}},"185":{"start":{"line":186,"column":0},"end":{"line":186,"column":0}},"186":{"start":{"line":187,"column":0},"end":{"line":187,"column":39}},"187":{"start":{"line":188,"column":0},"end":{"line":188,"column":40}},"188":{"start":{"line":189,"column":0},"end":{"line":189,"column":50}},"189":{"start":{"line":190,"column":0},"end":{"line":190,"column":49}},"190":{"start":{"line":191,"column":0},"end":{"line":191,"column":16}},"191":{"start":{"line":192,"column":0},"end":{"line":192,"column":71}},"192":{"start":{"line":193,"column":0},"end":{"line":193,"column":46}},"193":{"start":{"line":194,"column":0},"end":{"line":194,"column":35}},"194":{"start":{"line":195,"column":0},"end":{"line":195,"column":30}},"195":{"start":{"line":196,"column":0},"end":{"line":196,"column":30}},"196":{"start":{"line":197,"column":0},"end":{"line":197,"column":16}},"197":{"start":{"line":198,"column":0},"end":{"line":198,"column":3}},"198":{"start":{"line":199,"column":0},"end":{"line":199,"column":0}},"199":{"start":{"line":200,"column":0},"end":{"line":200,"column":32}},"200":{"start":{"line":201,"column":0},"end":{"line":201,"column":47}},"201":{"start":{"line":202,"column":0},"end":{"line":202,"column":39}},"202":{"start":{"line":203,"column":0},"end":{"line":203,"column":23}},"203":{"start":{"line":204,"column":0},"end":{"line":204,"column":23}},"204":{"start":{"line":205,"column":0},"end":{"line":205,"column":18}},"205":{"start":{"line":206,"column":0},"end":{"line":206,"column":5}},"206":{"start":{"line":207,"column":0},"end":{"line":207,"column":20}},"207":{"start":{"line":208,"column":0},"end":{"line":208,"column":14}},"208":{"start":{"line":209,"column":0},"end":{"line":209,"column":34}},"209":{"start":{"line":210,"column":0},"end":{"line":210,"column":33}},"210":{"start":{"line":211,"column":0},"end":{"line":211,"column":39}},"211":{"start":{"line":212,"column":0},"end":{"line":212,"column":15}},"212":{"start":{"line":213,"column":0},"end":{"line":213,"column":34}},"213":{"start":{"line":214,"column":0},"end":{"line":214,"column":33}},"214":{"start":{"line":215,"column":0},"end":{"line":215,"column":12}},"215":{"start":{"line":216,"column":0},"end":{"line":216,"column":14}},"216":{"start":{"line":217,"column":0},"end":{"line":217,"column":69}},"217":{"start":{"line":218,"column":0},"end":{"line":218,"column":46}},"218":{"start":{"line":219,"column":0},"end":{"line":219,"column":46}},"219":{"start":{"line":220,"column":0},"end":{"line":220,"column":5}},"220":{"start":{"line":221,"column":0},"end":{"line":221,"column":16}},"221":{"start":{"line":222,"column":0},"end":{"line":222,"column":3}},"222":{"start":{"line":223,"column":0},"end":{"line":223,"column":0}},"223":{"start":{"line":224,"column":0},"end":{"line":224,"column":22}},"224":{"start":{"line":225,"column":0},"end":{"line":225,"column":26}},"225":{"start":{"line":226,"column":0},"end":{"line":226,"column":32}},"226":{"start":{"line":227,"column":0},"end":{"line":227,"column":24}},"227":{"start":{"line":228,"column":0},"end":{"line":228,"column":19}},"228":{"start":{"line":229,"column":0},"end":{"line":229,"column":36}},"229":{"start":{"line":230,"column":0},"end":{"line":230,"column":25}},"230":{"start":{"line":231,"column":0},"end":{"line":231,"column":5}},"231":{"start":{"line":232,"column":0},"end":{"line":232,"column":15}},"232":{"start":{"line":233,"column":0},"end":{"line":233,"column":3}},"233":{"start":{"line":234,"column":0},"end":{"line":234,"column":1}}},"s":{"0":1,"1":1,"2":1,"3":1,"4":1,"5":1,"6":1,"7":1,"8":1,"9":1,"10":1,"11":1,"12":1,"13":1,"14":1,"15":1,"16":1,"17":1,"18":1,"19":1,"20":1,"21":1,"22":1,"23":1,"24":3,"25":3,"26":3,"27":2,"28":2,"29":3,"30":3,"31":1,"32":1,"33":1,"34":1,"35":0,"36":0,"37":0,"38":1,"39":1,"40":1,"41":1,"42":1,"43":1,"44":1,"45":1,"46":1,"47":1,"48":1,"49":3,"50":3,"51":3,"52":3,"53":4,"54":4,"55":4,"56":3,"57":3,"58":1,"59":1,"60":1,"61":1,"62":1,"63":1,"64":0,"65":0,"66":0,"67":0,"68":0,"69":1,"70":1,"71":1,"72":1,"73":1,"74":1,"75":2,"76":2,"77":2,"78":1,"79":1,"80":1,"81":2,"82":2,"83":1,"84":1,"85":1,"86":1,"87":1,"88":1,"89":2,"90":1,"91":1,"92":1,"93":0,"94":1,"95":1,"96":1,"97":5,"98":5,"99":5,"100":5,"101":13,"102":13,"103":13,"104":5,"105":5,"106":1,"107":1,"108":1,"109":1,"110":1,"111":1,"112":1,"113":1,"114":1,"115":1,"116":1,"117":1,"118":1,"119":1,"120":1,"121":1,"122":1,"123":1,"124":1,"125":2,"126":2,"127":2,"128":1,"129":1,"130":1,"131":1,"132":1,"133":1,"134":1,"135":1,"136":1,"137":2,"138":1,"139":1,"140":2,"141":2,"142":2,"143":2,"144":2,"145":2,"146":2,"147":2,"148":2,"149":1,"150":1,"151":1,"152":6,"153":6,"154":4,"155":6,"156":6,"157":2,"158":2,"159":1,"160":1,"161":1,"162":2,"163":2,"164":2,"165":2,"166":1,"167":1,"168":1,"169":2,"170":2,"171":4,"172":6,"173":1,"174":1,"175":3,"176":3,"177":3,"178":3,"179":8,"180":6,"181":6,"182":6,"183":1,"184":3,"185":1,"186":1,"187":2,"188":2,"189":2,"190":1,"191":1,"192":1,"193":1,"194":1,"195":1,"196":1,"197":2,"198":1,"199":1,"200":1,"201":1,"202":0,"203":0,"204":0,"205":0,"206":1,"207":0,"208":0,"209":0,"210":1,"211":0,"212":0,"213":0,"214":1,"215":1,"216":1,"217":1,"218":1,"219":1,"220":1,"221":1,"222":1,"223":1,"224":5,"225":5,"226":5,"227":5,"228":13,"229":13,"230":13,"231":5,"232":5,"233":1},"branchMap":{"0":{"type":"branch","line":11,"loc":{"start":{"line":11,"column":2},"end":{"line":14,"column":26}},"locations":[{"start":{"line":11,"column":2},"end":{"line":14,"column":26}}]},"1":{"type":"branch","line":16,"loc":{"start":{"line":16,"column":2},"end":{"line":21,"column":3}},"locations":[{"start":{"line":16,"column":2},"end":{"line":21,"column":3}}]},"2":{"type":"branch","line":24,"loc":{"start":{"line":24,"column":2},"end":{"line":31,"column":3}},"locations":[{"start":{"line":24,"column":2},"end":{"line":31,"column":3}}]},"3":{"type":"branch","line":27,"loc":{"start":{"line":27,"column":21},"end":{"line":27,"column":53}},"locations":[{"start":{"line":27,"column":21},"end":{"line":27,"column":53}}]},"4":{"type":"branch","line":27,"loc":{"start":{"line":27,"column":53},"end":{"line":29,"column":5}},"locations":[{"start":{"line":27,"column":53},"end":{"line":29,"column":5}}]},"5":{"type":"branch","line":34,"loc":{"start":{"line":34,"column":2},"end":{"line":46,"column":3}},"locations":[{"start":{"line":34,"column":2},"end":{"line":46,"column":3}}]},"6":{"type":"branch","line":35,"loc":{"start":{"line":35,"column":27},"end":{"line":38,"column":5}},"locations":[{"start":{"line":35,"column":27},"end":{"line":38,"column":5}}]},"7":{"type":"branch","line":42,"loc":{"start":{"line":42,"column":11},"end":{"line":42,"column":24}},"locations":[{"start":{"line":42,"column":11},"end":{"line":42,"column":24}}]},"8":{"type":"branch","line":49,"loc":{"start":{"line":49,"column":2},"end":{"line":58,"column":3}},"locations":[{"start":{"line":49,"column":2},"end":{"line":58,"column":3}}]},"9":{"type":"branch","line":50,"loc":{"start":{"line":50,"column":36},"end":{"line":50,"column":53}},"locations":[{"start":{"line":50,"column":36},"end":{"line":50,"column":53}}]},"10":{"type":"branch","line":53,"loc":{"start":{"line":53,"column":22},"end":{"line":56,"column":5}},"locations":[{"start":{"line":53,"column":22},"end":{"line":56,"column":5}}]},"11":{"type":"branch","line":61,"loc":{"start":{"line":61,"column":2},"end":{"line":72,"column":3}},"locations":[{"start":{"line":61,"column":2},"end":{"line":72,"column":3}}]},"12":{"type":"branch","line":62,"loc":{"start":{"line":62,"column":20},"end":{"line":62,"column":27}},"locations":[{"start":{"line":62,"column":20},"end":{"line":62,"column":27}}]},"13":{"type":"branch","line":63,"loc":{"start":{"line":63,"column":36},"end":{"line":63,"column":43}},"locations":[{"start":{"line":63,"column":36},"end":{"line":63,"column":43}}]},"14":{"type":"branch","line":64,"loc":{"start":{"line":64,"column":19},"end":{"line":69,"column":5}},"locations":[{"start":{"line":64,"column":19},"end":{"line":69,"column":5}}]},"15":{"type":"branch","line":75,"loc":{"start":{"line":75,"column":2},"end":{"line":83,"column":3}},"locations":[{"start":{"line":75,"column":2},"end":{"line":83,"column":3}}]},"16":{"type":"branch","line":76,"loc":{"start":{"line":76,"column":36},"end":{"line":76,"column":43}},"locations":[{"start":{"line":76,"column":36},"end":{"line":76,"column":43}}]},"17":{"type":"branch","line":77,"loc":{"start":{"line":77,"column":27},"end":{"line":77,"column":50}},"locations":[{"start":{"line":77,"column":27},"end":{"line":77,"column":50}}]},"18":{"type":"branch","line":78,"loc":{"start":{"line":78,"column":19},"end":{"line":81,"column":31}},"locations":[{"start":{"line":78,"column":19},"end":{"line":81,"column":31}}]},"19":{"type":"branch","line":86,"loc":{"start":{"line":86,"column":2},"end":{"line":95,"column":3}},"locations":[{"start":{"line":86,"column":2},"end":{"line":95,"column":3}}]},"20":{"type":"branch","line":89,"loc":{"start":{"line":89,"column":18},"end":{"line":93,"column":5}},"locations":[{"start":{"line":89,"column":18},"end":{"line":93,"column":5}}]},"21":{"type":"branch","line":90,"loc":{"start":{"line":90,"column":43},"end":{"line":93,"column":5}},"locations":[{"start":{"line":90,"column":43},"end":{"line":93,"column":5}}]},"22":{"type":"branch","line":93,"loc":{"start":{"line":93,"column":4},"end":{"line":94,"column":20}},"locations":[{"start":{"line":93,"column":4},"end":{"line":94,"column":20}}]},"23":{"type":"branch","line":97,"loc":{"start":{"line":97,"column":2},"end":{"line":106,"column":3}},"locations":[{"start":{"line":97,"column":2},"end":{"line":106,"column":3}}]},"24":{"type":"branch","line":101,"loc":{"start":{"line":101,"column":18},"end":{"line":104,"column":5}},"locations":[{"start":{"line":101,"column":18},"end":{"line":104,"column":5}}]},"25":{"type":"branch","line":111,"loc":{"start":{"line":111,"column":2},"end":{"line":115,"column":26}},"locations":[{"start":{"line":111,"column":2},"end":{"line":115,"column":26}}]},"26":{"type":"branch","line":117,"loc":{"start":{"line":117,"column":2},"end":{"line":123,"column":3}},"locations":[{"start":{"line":117,"column":2},"end":{"line":123,"column":3}}]},"27":{"type":"branch","line":125,"loc":{"start":{"line":125,"column":2},"end":{"line":138,"column":3}},"locations":[{"start":{"line":125,"column":2},"end":{"line":138,"column":3}}]},"28":{"type":"branch","line":128,"loc":{"start":{"line":128,"column":14},"end":{"line":128,"column":34}},"locations":[{"start":{"line":128,"column":14},"end":{"line":128,"column":34}}]},"29":{"type":"branch","line":128,"loc":{"start":{"line":128,"column":34},"end":{"line":137,"column":16}},"locations":[{"start":{"line":128,"column":34},"end":{"line":137,"column":16}}]},"30":{"type":"branch","line":140,"loc":{"start":{"line":140,"column":2},"end":{"line":149,"column":3}},"locations":[{"start":{"line":140,"column":2},"end":{"line":149,"column":3}}]},"31":{"type":"branch","line":142,"loc":{"start":{"line":142,"column":34},"end":{"line":142,"column":55}},"locations":[{"start":{"line":142,"column":34},"end":{"line":142,"column":55}}]},"32":{"type":"branch","line":152,"loc":{"start":{"line":152,"column":2},"end":{"line":173,"column":3}},"locations":[{"start":{"line":152,"column":2},"end":{"line":173,"column":3}}]},"33":{"type":"branch","line":153,"loc":{"start":{"line":153,"column":42},"end":{"line":153,"column":64}},"locations":[{"start":{"line":153,"column":42},"end":{"line":153,"column":64}}]},"34":{"type":"branch","line":154,"loc":{"start":{"line":154,"column":6},"end":{"line":154,"column":23}},"locations":[{"start":{"line":154,"column":6},"end":{"line":154,"column":23}}]},"35":{"type":"branch","line":154,"loc":{"start":{"line":154,"column":13},"end":{"line":156,"column":23}},"locations":[{"start":{"line":154,"column":13},"end":{"line":156,"column":23}}]},"36":{"type":"branch","line":156,"loc":{"start":{"line":156,"column":16},"end":{"line":156,"column":35}},"locations":[{"start":{"line":156,"column":16},"end":{"line":156,"column":35}}]},"37":{"type":"branch","line":156,"loc":{"start":{"line":156,"column":28},"end":{"line":156,"column":45}},"locations":[{"start":{"line":156,"column":28},"end":{"line":156,"column":45}}]},"38":{"type":"branch","line":157,"loc":{"start":{"line":157,"column":14},"end":{"line":171,"column":5}},"locations":[{"start":{"line":157,"column":14},"end":{"line":171,"column":5}}]},"39":{"type":"branch","line":159,"loc":{"start":{"line":159,"column":13},"end":{"line":159,"column":36}},"locations":[{"start":{"line":159,"column":13},"end":{"line":159,"column":36}}]},"40":{"type":"branch","line":159,"loc":{"start":{"line":159,"column":28},"end":{"line":159,"column":47}},"locations":[{"start":{"line":159,"column":28},"end":{"line":159,"column":47}}]},"41":{"type":"branch","line":159,"loc":{"start":{"line":159,"column":47},"end":{"line":162,"column":7}},"locations":[{"start":{"line":159,"column":47},"end":{"line":162,"column":7}}]},"42":{"type":"branch","line":163,"loc":{"start":{"line":163,"column":21},"end":{"line":163,"column":38}},"locations":[{"start":{"line":163,"column":21},"end":{"line":163,"column":38}}]},"43":{"type":"branch","line":166,"loc":{"start":{"line":166,"column":13},"end":{"line":166,"column":36}},"locations":[{"start":{"line":166,"column":13},"end":{"line":166,"column":36}}]},"44":{"type":"branch","line":166,"loc":{"start":{"line":166,"column":28},"end":{"line":166,"column":47}},"locations":[{"start":{"line":166,"column":28},"end":{"line":166,"column":47}}]},"45":{"type":"branch","line":166,"loc":{"start":{"line":166,"column":47},"end":{"line":169,"column":7}},"locations":[{"start":{"line":166,"column":47},"end":{"line":169,"column":7}}]},"46":{"type":"branch","line":170,"loc":{"start":{"line":170,"column":21},"end":{"line":170,"column":38}},"locations":[{"start":{"line":170,"column":21},"end":{"line":170,"column":38}}]},"47":{"type":"branch","line":171,"loc":{"start":{"line":171,"column":4},"end":{"line":172,"column":17}},"locations":[{"start":{"line":171,"column":4},"end":{"line":172,"column":17}}]},"48":{"type":"branch","line":175,"loc":{"start":{"line":175,"column":2},"end":{"line":185,"column":3}},"locations":[{"start":{"line":175,"column":2},"end":{"line":185,"column":3}}]},"49":{"type":"branch","line":176,"loc":{"start":{"line":176,"column":20},"end":{"line":176,"column":30}},"locations":[{"start":{"line":176,"column":20},"end":{"line":176,"column":30}}]},"50":{"type":"branch","line":179,"loc":{"start":{"line":179,"column":18},"end":{"line":183,"column":5}},"locations":[{"start":{"line":179,"column":18},"end":{"line":183,"column":5}}]},"51":{"type":"branch","line":180,"loc":{"start":{"line":180,"column":43},"end":{"line":180,"column":54}},"locations":[{"start":{"line":180,"column":43},"end":{"line":180,"column":54}}]},"52":{"type":"branch","line":180,"loc":{"start":{"line":180,"column":50},"end":{"line":183,"column":5}},"locations":[{"start":{"line":180,"column":50},"end":{"line":183,"column":5}}]},"53":{"type":"branch","line":183,"loc":{"start":{"line":183,"column":4},"end":{"line":184,"column":14}},"locations":[{"start":{"line":183,"column":4},"end":{"line":184,"column":14}}]},"54":{"type":"branch","line":187,"loc":{"start":{"line":187,"column":2},"end":{"line":198,"column":3}},"locations":[{"start":{"line":187,"column":2},"end":{"line":198,"column":3}}]},"55":{"type":"branch","line":188,"loc":{"start":{"line":188,"column":19},"end":{"line":188,"column":40}},"locations":[{"start":{"line":188,"column":19},"end":{"line":188,"column":40}}]},"56":{"type":"branch","line":189,"loc":{"start":{"line":189,"column":27},"end":{"line":190,"column":36}},"locations":[{"start":{"line":189,"column":27},"end":{"line":190,"column":36}}]},"57":{"type":"branch","line":190,"loc":{"start":{"line":190,"column":36},"end":{"line":190,"column":49}},"locations":[{"start":{"line":190,"column":36},"end":{"line":190,"column":49}}]},"58":{"type":"branch","line":190,"loc":{"start":{"line":190,"column":43},"end":{"line":197,"column":16}},"locations":[{"start":{"line":190,"column":43},"end":{"line":197,"column":16}}]},"59":{"type":"branch","line":200,"loc":{"start":{"line":200,"column":2},"end":{"line":222,"column":3}},"locations":[{"start":{"line":200,"column":2},"end":{"line":222,"column":3}}]},"60":{"type":"branch","line":201,"loc":{"start":{"line":201,"column":34},"end":{"line":201,"column":47}},"locations":[{"start":{"line":201,"column":34},"end":{"line":201,"column":47}}]},"61":{"type":"branch","line":202,"loc":{"start":{"line":202,"column":22},"end":{"line":202,"column":38}},"locations":[{"start":{"line":202,"column":22},"end":{"line":202,"column":38}}]},"62":{"type":"branch","line":202,"loc":{"start":{"line":202,"column":38},"end":{"line":206,"column":5}},"locations":[{"start":{"line":202,"column":38},"end":{"line":206,"column":5}}]},"63":{"type":"branch","line":207,"loc":{"start":{"line":207,"column":19},"end":{"line":211,"column":15}},"locations":[{"start":{"line":207,"column":19},"end":{"line":211,"column":15}}]},"64":{"type":"branch","line":211,"loc":{"start":{"line":211,"column":38},"end":{"line":215,"column":11}},"locations":[{"start":{"line":211,"column":38},"end":{"line":215,"column":11}}]},"65":{"type":"branch","line":224,"loc":{"start":{"line":224,"column":2},"end":{"line":233,"column":3}},"locations":[{"start":{"line":224,"column":2},"end":{"line":233,"column":3}}]},"66":{"type":"branch","line":228,"loc":{"start":{"line":228,"column":18},"end":{"line":231,"column":5}},"locations":[{"start":{"line":228,"column":18},"end":{"line":231,"column":5}}]}},"b":{"0":[1],"1":[1],"2":[3],"3":[2],"4":[2],"5":[1],"6":[0],"7":[2],"8":[3],"9":[0],"10":[4],"11":[1],"12":[0],"13":[0],"14":[0],"15":[2],"16":[0],"17":[0],"18":[1],"19":[1],"20":[2],"21":[1],"22":[0],"23":[5],"24":[13],"25":[1],"26":[1],"27":[2],"28":[1],"29":[1],"30":[2],"31":[0],"32":[6],"33":[5],"34":[2],"35":[4],"36":[2],"37":[2],"38":[2],"39":[3],"40":[3],"41":[1],"42":[0],"43":[3],"44":[3],"45":[1],"46":[0],"47":[4],"48":[3],"49":[0],"50":[8],"51":[2],"52":[6],"53":[1],"54":[2],"55":[0],"56":[1],"57":[0],"58":[1],"59":[1],"60":[0],"61":[0],"62":[0],"63":[0],"64":[0],"65":[5],"66":[13]},"fnMap":{"0":{"name":"<instance_members_initializer>","decl":{"start":{"line":11,"column":2},"end":{"line":14,"column":26}},"loc":{"start":{"line":11,"column":2},"end":{"line":14,"column":26}},"line":11},"1":{"name":"LinkList","decl":{"start":{"line":16,"column":2},"end":{"line":21,"column":3}},"loc":{"start":{"line":16,"column":2},"end":{"line":21,"column":3}},"line":16},"2":{"name":"push","decl":{"start":{"line":24,"column":2},"end":{"line":31,"column":3}},"loc":{"start":{"line":24,"column":2},"end":{"line":31,"column":3}},"line":24},"3":{"name":"append","decl":{"start":{"line":34,"column":2},"end":{"line":46,"column":3}},"loc":{"start":{"line":34,"column":2},"end":{"line":46,"column":3}},"line":34},"4":{"name":"getElementAt","decl":{"start":{"line":49,"column":2},"end":{"line":58,"column":3}},"loc":{"start":{"line":49,"column":2},"end":{"line":58,"column":3}},"line":49},"5":{"name":"remove","decl":{"start":{"line":61,"column":2},"end":{"line":72,"column":3}},"loc":{"start":{"line":61,"column":2},"end":{"line":72,"column":3}},"line":61},"6":{"name":"insert","decl":{"start":{"line":75,"column":2},"end":{"line":83,"column":3}},"loc":{"start":{"line":75,"column":2},"end":{"line":83,"column":3}},"line":75},"7":{"name":"indexOf","decl":{"start":{"line":86,"column":2},"end":{"line":95,"column":3}},"loc":{"start":{"line":86,"column":2},"end":{"line":95,"column":3}},"line":86},"8":{"name":"toString","decl":{"start":{"line":97,"column":2},"end":{"line":106,"column":3}},"loc":{"start":{"line":97,"column":2},"end":{"line":106,"column":3}},"line":97},"9":{"name":"<instance_members_initializer>","decl":{"start":{"line":111,"column":2},"end":{"line":115,"column":26}},"loc":{"start":{"line":111,"column":2},"end":{"line":115,"column":26}},"line":111},"10":{"name":"DoubleLinkList","decl":{"start":{"line":117,"column":2},"end":{"line":123,"column":3}},"loc":{"start":{"line":117,"column":2},"end":{"line":123,"column":3}},"line":117},"11":{"name":"push","decl":{"start":{"line":125,"column":2},"end":{"line":138,"column":3}},"loc":{"start":{"line":125,"column":2},"end":{"line":138,"column":3}},"line":125},"12":{"name":"append","decl":{"start":{"line":140,"column":2},"end":{"line":149,"column":3}},"loc":{"start":{"line":140,"column":2},"end":{"line":149,"column":3}},"line":140},"13":{"name":"getElementAt","decl":{"start":{"line":152,"column":2},"end":{"line":173,"column":3}},"loc":{"start":{"line":152,"column":2},"end":{"line":173,"column":3}},"line":152},"14":{"name":"indexOf","decl":{"start":{"line":175,"column":2},"end":{"line":185,"column":3}},"loc":{"start":{"line":175,"column":2},"end":{"line":185,"column":3}},"line":175},"15":{"name":"insert","decl":{"start":{"line":187,"column":2},"end":{"line":198,"column":3}},"loc":{"start":{"line":187,"column":2},"end":{"line":198,"column":3}},"line":187},"16":{"name":"remove","decl":{"start":{"line":200,"column":2},"end":{"line":222,"column":3}},"loc":{"start":{"line":200,"column":2},"end":{"line":222,"column":3}},"line":200},"17":{"name":"toString","decl":{"start":{"line":224,"column":2},"end":{"line":233,"column":3}},"loc":{"start":{"line":224,"column":2},"end":{"line":233,"column":3}},"line":224}},"f":{"0":1,"1":1,"2":3,"3":1,"4":3,"5":1,"6":2,"7":1,"8":5,"9":1,"10":1,"11":2,"12":2,"13":6,"14":3,"15":2,"16":1,"17":5}}
,"Z:\\Study\\MDU-Data-Structor\\structure\\module\\Queue.ts": {"path":"Z:\\Study\\MDU-Data-Structor\\structure\\module\\Queue.ts","all":false,"statementMap":{"0":{"start":{"line":1,"column":0},"end":{"line":1,"column":48}},"1":{"start":{"line":2,"column":0},"end":{"line":2,"column":0}},"2":{"start":{"line":3,"column":0},"end":{"line":3,"column":41}},"3":{"start":{"line":4,"column":0},"end":{"line":4,"column":16}},"4":{"start":{"line":5,"column":0},"end":{"line":5,"column":22}},"5":{"start":{"line":6,"column":0},"end":{"line":6,"column":30}},"6":{"start":{"line":7,"column":0},"end":{"line":7,"column":0}},"7":{"start":{"line":8,"column":0},"end":{"line":8,"column":17}},"8":{"start":{"line":9,"column":0},"end":{"line":9,"column":12}},"9":{"start":{"line":10,"column":0},"end":{"line":10,"column":19}},"10":{"start":{"line":11,"column":0},"end":{"line":11,"column":25}},"11":{"start":{"line":12,"column":0},"end":{"line":12,"column":20}},"12":{"start":{"line":13,"column":0},"end":{"line":13,"column":3}},"13":{"start":{"line":14,"column":0},"end":{"line":14,"column":0}},"14":{"start":{"line":15,"column":0},"end":{"line":15,"column":22}},"15":{"start":{"line":16,"column":0},"end":{"line":16,"column":23}},"16":{"start":{"line":17,"column":0},"end":{"line":17,"column":37}},"17":{"start":{"line":18,"column":0},"end":{"line":18,"column":17}},"18":{"start":{"line":19,"column":0},"end":{"line":19,"column":3}},"19":{"start":{"line":20,"column":0},"end":{"line":20,"column":0}},"20":{"start":{"line":21,"column":0},"end":{"line":21,"column":20}},"21":{"start":{"line":22,"column":0},"end":{"line":22,"column":28}},"22":{"start":{"line":23,"column":0},"end":{"line":23,"column":41}},"23":{"start":{"line":24,"column":0},"end":{"line":24,"column":45}},"24":{"start":{"line":25,"column":0},"end":{"line":25,"column":40}},"25":{"start":{"line":26,"column":0},"end":{"line":26,"column":23}},"26":{"start":{"line":27,"column":0},"end":{"line":27,"column":17}},"27":{"start":{"line":28,"column":0},"end":{"line":28,"column":15}},"28":{"start":{"line":29,"column":0},"end":{"line":29,"column":3}},"29":{"start":{"line":30,"column":0},"end":{"line":30,"column":0}},"30":{"start":{"line":31,"column":0},"end":{"line":31,"column":26}},"31":{"start":{"line":32,"column":0},"end":{"line":32,"column":25}},"32":{"start":{"line":33,"column":0},"end":{"line":33,"column":41}},"33":{"start":{"line":34,"column":0},"end":{"line":34,"column":40}},"34":{"start":{"line":35,"column":0},"end":{"line":35,"column":3}},"35":{"start":{"line":36,"column":0},"end":{"line":36,"column":0}},"36":{"start":{"line":37,"column":0},"end":{"line":37,"column":19}},"37":{"start":{"line":38,"column":0},"end":{"line":38,"column":22}},"38":{"start":{"line":39,"column":0},"end":{"line":39,"column":28}},"39":{"start":{"line":40,"column":0},"end":{"line":40,"column":3}},"40":{"start":{"line":41,"column":0},"end":{"line":41,"column":0}},"41":{"start":{"line":42,"column":0},"end":{"line":42,"column":14}},"42":{"start":{"line":43,"column":0},"end":{"line":43,"column":18}},"43":{"start":{"line":44,"column":0},"end":{"line":44,"column":22}},"44":{"start":{"line":45,"column":0},"end":{"line":45,"column":3}},"45":{"start":{"line":46,"column":0},"end":{"line":46,"column":0}},"46":{"start":{"line":47,"column":0},"end":{"line":47,"column":15}},"47":{"start":{"line":48,"column":0},"end":{"line":48,"column":11}},"48":{"start":{"line":49,"column":0},"end":{"line":49,"column":20}},"49":{"start":{"line":50,"column":0},"end":{"line":50,"column":19}},"50":{"start":{"line":51,"column":0},"end":{"line":51,"column":25}},"51":{"start":{"line":52,"column":0},"end":{"line":52,"column":3}},"52":{"start":{"line":53,"column":0},"end":{"line":53,"column":0}},"53":{"start":{"line":54,"column":0},"end":{"line":54,"column":22}},"54":{"start":{"line":55,"column":0},"end":{"line":55,"column":34}},"55":{"start":{"line":56,"column":0},"end":{"line":56,"column":48}},"56":{"start":{"line":57,"column":0},"end":{"line":57,"column":42}},"57":{"start":{"line":58,"column":0},"end":{"line":58,"column":38}},"58":{"start":{"line":59,"column":0},"end":{"line":59,"column":5}},"59":{"start":{"line":60,"column":0},"end":{"line":60,"column":15}},"60":{"start":{"line":61,"column":0},"end":{"line":61,"column":3}},"61":{"start":{"line":62,"column":0},"end":{"line":62,"column":1}},"62":{"start":{"line":63,"column":0},"end":{"line":63,"column":0}},"63":{"start":{"line":64,"column":0},"end":{"line":64,"column":7}},"64":{"start":{"line":65,"column":0},"end":{"line":65,"column":40}},"65":{"start":{"line":66,"column":0},"end":{"line":66,"column":17}},"66":{"start":{"line":67,"column":0},"end":{"line":67,"column":12}},"67":{"start":{"line":68,"column":0},"end":{"line":68,"column":3}},"68":{"start":{"line":69,"column":0},"end":{"line":69,"column":0}},"69":{"start":{"line":70,"column":0},"end":{"line":70,"column":22}},"70":{"start":{"line":71,"column":0},"end":{"line":71,"column":24}},"71":{"start":{"line":72,"column":0},"end":{"line":72,"column":25}},"72":{"start":{"line":73,"column":0},"end":{"line":73,"column":27}},"73":{"start":{"line":74,"column":0},"end":{"line":74,"column":28}},"74":{"start":{"line":75,"column":0},"end":{"line":75,"column":38}},"75":{"start":{"line":76,"column":0},"end":{"line":76,"column":14}},"76":{"start":{"line":77,"column":0},"end":{"line":77,"column":25}},"77":{"start":{"line":78,"column":0},"end":{"line":78,"column":45}},"78":{"start":{"line":79,"column":0},"end":{"line":79,"column":12}},"79":{"start":{"line":80,"column":0},"end":{"line":80,"column":14}},"80":{"start":{"line":81,"column":0},"end":{"line":81,"column":44}},"81":{"start":{"line":82,"column":0},"end":{"line":82,"column":42}},"82":{"start":{"line":83,"column":0},"end":{"line":83,"column":7}},"83":{"start":{"line":84,"column":0},"end":{"line":84,"column":19}},"84":{"start":{"line":85,"column":0},"end":{"line":85,"column":27}},"85":{"start":{"line":86,"column":0},"end":{"line":86,"column":30}},"86":{"start":{"line":87,"column":0},"end":{"line":87,"column":5}},"87":{"start":{"line":88,"column":0},"end":{"line":88,"column":3}},"88":{"start":{"line":89,"column":0},"end":{"line":89,"column":0}},"89":{"start":{"line":90,"column":0},"end":{"line":90,"column":12}},"90":{"start":{"line":91,"column":0},"end":{"line":91,"column":23}},"91":{"start":{"line":92,"column":0},"end":{"line":92,"column":27}},"92":{"start":{"line":93,"column":0},"end":{"line":93,"column":3}},"93":{"start":{"line":94,"column":0},"end":{"line":94,"column":0}},"94":{"start":{"line":95,"column":0},"end":{"line":95,"column":16}},"95":{"start":{"line":96,"column":0},"end":{"line":96,"column":32}},"96":{"start":{"line":97,"column":0},"end":{"line":97,"column":27}},"97":{"start":{"line":98,"column":0},"end":{"line":98,"column":3}},"98":{"start":{"line":99,"column":0},"end":{"line":99,"column":0}},"99":{"start":{"line":100,"column":0},"end":{"line":100,"column":15}},"100":{"start":{"line":101,"column":0},"end":{"line":101,"column":31}},"101":{"start":{"line":102,"column":0},"end":{"line":102,"column":41}},"102":{"start":{"line":103,"column":0},"end":{"line":103,"column":48}},"103":{"start":{"line":104,"column":0},"end":{"line":104,"column":21}},"104":{"start":{"line":105,"column":0},"end":{"line":105,"column":32}},"105":{"start":{"line":106,"column":0},"end":{"line":106,"column":27}},"106":{"start":{"line":107,"column":0},"end":{"line":107,"column":15}},"107":{"start":{"line":108,"column":0},"end":{"line":108,"column":3}},"108":{"start":{"line":109,"column":0},"end":{"line":109,"column":0}},"109":{"start":{"line":110,"column":0},"end":{"line":110,"column":14}},"110":{"start":{"line":111,"column":0},"end":{"line":111,"column":30}},"111":{"start":{"line":112,"column":0},"end":{"line":112,"column":24}},"112":{"start":{"line":113,"column":0},"end":{"line":113,"column":3}},"113":{"start":{"line":114,"column":0},"end":{"line":114,"column":0}},"114":{"start":{"line":115,"column":0},"end":{"line":115,"column":13}},"115":{"start":{"line":116,"column":0},"end":{"line":116,"column":29}},"116":{"start":{"line":117,"column":0},"end":{"line":117,"column":41}},"117":{"start":{"line":118,"column":0},"end":{"line":118,"column":48}},"118":{"start":{"line":119,"column":0},"end":{"line":119,"column":27}},"119":{"start":{"line":120,"column":0},"end":{"line":120,"column":3}},"120":{"start":{"line":121,"column":0},"end":{"line":121,"column":1}}},"s":{"0":1,"1":1,"2":1,"3":1,"4":2,"5":2,"6":1,"7":1,"8":2,"9":2,"10":2,"11":2,"12":2,"13":1,"14":1,"15":1,"16":4,"17":4,"18":4,"19":1,"20":1,"21":1,"22":4,"23":2,"24":2,"25":2,"26":2,"27":2,"28":4,"29":1,"30":1,"31":1,"32":2,"33":1,"34":2,"35":1,"36":1,"37":1,"38":11,"39":11,"40":1,"41":1,"42":1,"43":3,"44":3,"45":1,"46":1,"47":1,"48":2,"49":2,"50":2,"51":2,"52":1,"53":1,"54":0,"55":0,"56":0,"57":0,"58":0,"59":0,"60":0,"61":1,"62":1,"63":1,"64":1,"65":1,"66":1,"67":1,"68":1,"69":1,"70":1,"71":2,"72":1,"73":1,"74":1,"75":0,"76":0,"77":0,"78":1,"79":1,"80":1,"81":1,"82":1,"83":1,"84":1,"85":1,"86":1,"87":2,"88":1,"89":1,"90":1,"91":2,"92":2,"93":1,"94":1,"95":1,"96":2,"97":2,"98":1,"99":1,"100":1,"101":1,"102":1,"103":1,"104":1,"105":1,"106":1,"107":1,"108":1,"109":1,"110":1,"111":0,"112":0,"113":1,"114":1,"115":1,"116":1,"117":1,"118":1,"119":1,"120":1},"branchMap":{"0":{"type":"branch","line":4,"loc":{"start":{"line":4,"column":2},"end":{"line":6,"column":30}},"locations":[{"start":{"line":4,"column":2},"end":{"line":6,"column":30}}]},"1":{"type":"branch","line":8,"loc":{"start":{"line":8,"column":2},"end":{"line":13,"column":3}},"locations":[{"start":{"line":8,"column":2},"end":{"line":13,"column":3}}]},"2":{"type":"branch","line":16,"loc":{"start":{"line":16,"column":2},"end":{"line":19,"column":3}},"locations":[{"start":{"line":16,"column":2},"end":{"line":19,"column":3}}]},"3":{"type":"branch","line":22,"loc":{"start":{"line":22,"column":2},"end":{"line":29,"column":3}},"locations":[{"start":{"line":22,"column":2},"end":{"line":29,"column":3}}]},"4":{"type":"branch","line":23,"loc":{"start":{"line":23,"column":24},"end":{"line":28,"column":15}},"locations":[{"start":{"line":23,"column":24},"end":{"line":28,"column":15}}]},"5":{"type":"branch","line":32,"loc":{"start":{"line":32,"column":2},"end":{"line":35,"column":3}},"locations":[{"start":{"line":32,"column":2},"end":{"line":35,"column":3}}]},"6":{"type":"branch","line":33,"loc":{"start":{"line":33,"column":24},"end":{"line":34,"column":40}},"locations":[{"start":{"line":33,"column":24},"end":{"line":34,"column":40}}]},"7":{"type":"branch","line":38,"loc":{"start":{"line":38,"column":2},"end":{"line":40,"column":3}},"locations":[{"start":{"line":38,"column":2},"end":{"line":40,"column":3}}]},"8":{"type":"branch","line":43,"loc":{"start":{"line":43,"column":2},"end":{"line":45,"column":3}},"locations":[{"start":{"line":43,"column":2},"end":{"line":45,"column":3}}]},"9":{"type":"branch","line":48,"loc":{"start":{"line":48,"column":2},"end":{"line":52,"column":3}},"locations":[{"start":{"line":48,"column":2},"end":{"line":52,"column":3}}]},"10":{"type":"branch","line":66,"loc":{"start":{"line":66,"column":2},"end":{"line":68,"column":3}},"locations":[{"start":{"line":66,"column":2},"end":{"line":68,"column":3}}]},"11":{"type":"branch","line":71,"loc":{"start":{"line":71,"column":2},"end":{"line":88,"column":3}},"locations":[{"start":{"line":71,"column":2},"end":{"line":88,"column":3}}]},"12":{"type":"branch","line":72,"loc":{"start":{"line":72,"column":24},"end":{"line":87,"column":5}},"locations":[{"start":{"line":72,"column":24},"end":{"line":87,"column":5}}]},"13":{"type":"branch","line":75,"loc":{"start":{"line":75,"column":37},"end":{"line":79,"column":11}},"locations":[{"start":{"line":75,"column":37},"end":{"line":79,"column":11}}]},"14":{"type":"branch","line":91,"loc":{"start":{"line":91,"column":2},"end":{"line":93,"column":3}},"locations":[{"start":{"line":91,"column":2},"end":{"line":93,"column":3}}]},"15":{"type":"branch","line":96,"loc":{"start":{"line":96,"column":2},"end":{"line":98,"column":3}},"locations":[{"start":{"line":96,"column":2},"end":{"line":98,"column":3}}]},"16":{"type":"branch","line":101,"loc":{"start":{"line":101,"column":2},"end":{"line":108,"column":3}},"locations":[{"start":{"line":101,"column":2},"end":{"line":108,"column":3}}]},"17":{"type":"branch","line":102,"loc":{"start":{"line":102,"column":24},"end":{"line":102,"column":41}},"locations":[{"start":{"line":102,"column":24},"end":{"line":102,"column":41}}]},"18":{"type":"branch","line":116,"loc":{"start":{"line":116,"column":2},"end":{"line":120,"column":3}},"locations":[{"start":{"line":116,"column":2},"end":{"line":120,"column":3}}]},"19":{"type":"branch","line":117,"loc":{"start":{"line":117,"column":24},"end":{"line":117,"column":41}},"locations":[{"start":{"line":117,"column":24},"end":{"line":117,"column":41}}]}},"b":{"0":[2],"1":[2],"2":[4],"3":[4],"4":[2],"5":[2],"6":[1],"7":[11],"8":[3],"9":[2],"10":[1],"11":[2],"12":[1],"13":[0],"14":[2],"15":[2],"16":[1],"17":[0],"18":[1],"19":[0]},"fnMap":{"0":{"name":"<instance_members_initializer>","decl":{"start":{"line":4,"column":2},"end":{"line":6,"column":30}},"loc":{"start":{"line":4,"column":2},"end":{"line":6,"column":30}},"line":4},"1":{"name":"Queue","decl":{"start":{"line":8,"column":2},"end":{"line":13,"column":3}},"loc":{"start":{"line":8,"column":2},"end":{"line":13,"column":3}},"line":8},"2":{"name":"enqueue","decl":{"start":{"line":16,"column":2},"end":{"line":19,"column":3}},"loc":{"start":{"line":16,"column":2},"end":{"line":19,"column":3}},"line":16},"3":{"name":"dequeue","decl":{"start":{"line":22,"column":2},"end":{"line":29,"column":3}},"loc":{"start":{"line":22,"column":2},"end":{"line":29,"column":3}},"line":22},"4":{"name":"peek","decl":{"start":{"line":32,"column":2},"end":{"line":35,"column":3}},"loc":{"start":{"line":32,"column":2},"end":{"line":35,"column":3}},"line":32},"5":{"name":"isEmpty","decl":{"start":{"line":38,"column":2},"end":{"line":40,"column":3}},"loc":{"start":{"line":38,"column":2},"end":{"line":40,"column":3}},"line":38},"6":{"name":"size","decl":{"start":{"line":43,"column":2},"end":{"line":45,"column":3}},"loc":{"start":{"line":43,"column":2},"end":{"line":45,"column":3}},"line":43},"7":{"name":"clear","decl":{"start":{"line":48,"column":2},"end":{"line":52,"column":3}},"loc":{"start":{"line":48,"column":2},"end":{"line":52,"column":3}},"line":48},"8":{"name":"toString","decl":{"start":{"line":54,"column":2},"end":{"line":61,"column":3}},"loc":{"start":{"line":54,"column":2},"end":{"line":61,"column":3}},"line":54},"9":{"name":"Deque","decl":{"start":{"line":66,"column":2},"end":{"line":68,"column":3}},"loc":{"start":{"line":66,"column":2},"end":{"line":68,"column":3}},"line":66},"10":{"name":"addFront","decl":{"start":{"line":71,"column":2},"end":{"line":88,"column":3}},"loc":{"start":{"line":71,"column":2},"end":{"line":88,"column":3}},"line":71},"11":{"name":"addBack","decl":{"start":{"line":91,"column":2},"end":{"line":93,"column":3}},"loc":{"start":{"line":91,"column":2},"end":{"line":93,"column":3}},"line":91},"12":{"name":"removeFront","decl":{"start":{"line":96,"column":2},"end":{"line":98,"column":3}},"loc":{"start":{"line":96,"column":2},"end":{"line":98,"column":3}},"line":96},"13":{"name":"removeBack","decl":{"start":{"line":101,"column":2},"end":{"line":108,"column":3}},"loc":{"start":{"line":101,"column":2},"end":{"line":108,"column":3}},"line":101},"14":{"name":"peekFront","decl":{"start":{"line":111,"column":2},"end":{"line":113,"column":3}},"loc":{"start":{"line":111,"column":2},"end":{"line":113,"column":3}},"line":111},"15":{"name":"peekBack","decl":{"start":{"line":116,"column":2},"end":{"line":120,"column":3}},"loc":{"start":{"line":116,"column":2},"end":{"line":120,"column":3}},"line":116}},"f":{"0":2,"1":2,"2":4,"3":4,"4":2,"5":11,"6":3,"7":2,"8":0,"9":1,"10":2,"11":2,"12":2,"13":1,"14":0,"15":1}}
,"Z:\\Study\\MDU-Data-Structor\\structure\\module\\Stack.ts": {"path":"Z:\\Study\\MDU-Data-Structor\\structure\\module\\Stack.ts","all":false,"statementMap":{"0":{"start":{"line":1,"column":0},"end":{"line":1,"column":48}},"1":{"start":{"line":2,"column":0},"end":{"line":2,"column":0}},"2":{"start":{"line":3,"column":0},"end":{"line":3,"column":41}},"3":{"start":{"line":4,"column":0},"end":{"line":4,"column":30}},"4":{"start":{"line":5,"column":0},"end":{"line":5,"column":16}},"5":{"start":{"line":6,"column":0},"end":{"line":6,"column":0}},"6":{"start":{"line":7,"column":0},"end":{"line":7,"column":17}},"7":{"start":{"line":8,"column":0},"end":{"line":8,"column":12}},"8":{"start":{"line":9,"column":0},"end":{"line":9,"column":20}},"9":{"start":{"line":10,"column":0},"end":{"line":10,"column":19}},"10":{"start":{"line":11,"column":0},"end":{"line":11,"column":3}},"11":{"start":{"line":12,"column":0},"end":{"line":12,"column":9}},"12":{"start":{"line":13,"column":0},"end":{"line":13,"column":17}},"13":{"start":{"line":14,"column":0},"end":{"line":14,"column":34}},"14":{"start":{"line":15,"column":0},"end":{"line":15,"column":17}},"15":{"start":{"line":16,"column":0},"end":{"line":16,"column":3}},"16":{"start":{"line":17,"column":0},"end":{"line":17,"column":0}},"17":{"start":{"line":18,"column":0},"end":{"line":18,"column":8}},"18":{"start":{"line":19,"column":0},"end":{"line":19,"column":24}},"19":{"start":{"line":20,"column":0},"end":{"line":20,"column":41}},"20":{"start":{"line":21,"column":0},"end":{"line":21,"column":17}},"21":{"start":{"line":22,"column":0},"end":{"line":22,"column":42}},"22":{"start":{"line":23,"column":0},"end":{"line":23,"column":34}},"23":{"start":{"line":24,"column":0},"end":{"line":24,"column":18}},"24":{"start":{"line":25,"column":0},"end":{"line":25,"column":3}},"25":{"start":{"line":26,"column":0},"end":{"line":26,"column":0}},"26":{"start":{"line":27,"column":0},"end":{"line":27,"column":9}},"27":{"start":{"line":28,"column":0},"end":{"line":28,"column":25}},"28":{"start":{"line":29,"column":0},"end":{"line":29,"column":41}},"29":{"start":{"line":30,"column":0},"end":{"line":30,"column":38}},"30":{"start":{"line":31,"column":0},"end":{"line":31,"column":3}},"31":{"start":{"line":32,"column":0},"end":{"line":32,"column":0}},"32":{"start":{"line":33,"column":0},"end":{"line":33,"column":12}},"33":{"start":{"line":34,"column":0},"end":{"line":34,"column":22}},"34":{"start":{"line":35,"column":0},"end":{"line":35,"column":28}},"35":{"start":{"line":36,"column":0},"end":{"line":36,"column":3}},"36":{"start":{"line":37,"column":0},"end":{"line":37,"column":0}},"37":{"start":{"line":38,"column":0},"end":{"line":38,"column":10}},"38":{"start":{"line":39,"column":0},"end":{"line":39,"column":11}},"39":{"start":{"line":40,"column":0},"end":{"line":40,"column":20}},"40":{"start":{"line":41,"column":0},"end":{"line":41,"column":19}},"41":{"start":{"line":42,"column":0},"end":{"line":42,"column":3}},"42":{"start":{"line":43,"column":0},"end":{"line":43,"column":0}},"43":{"start":{"line":44,"column":0},"end":{"line":44,"column":9}},"44":{"start":{"line":45,"column":0},"end":{"line":45,"column":10}},"45":{"start":{"line":46,"column":0},"end":{"line":46,"column":22}},"46":{"start":{"line":47,"column":0},"end":{"line":47,"column":3}},"47":{"start":{"line":48,"column":0},"end":{"line":48,"column":0}},"48":{"start":{"line":49,"column":0},"end":{"line":49,"column":13}},"49":{"start":{"line":50,"column":0},"end":{"line":50,"column":22}},"50":{"start":{"line":51,"column":0},"end":{"line":51,"column":34}},"51":{"start":{"line":52,"column":0},"end":{"line":52,"column":39}},"52":{"start":{"line":53,"column":0},"end":{"line":53,"column":42}},"53":{"start":{"line":54,"column":0},"end":{"line":54,"column":51}},"54":{"start":{"line":55,"column":0},"end":{"line":55,"column":5}},"55":{"start":{"line":56,"column":0},"end":{"line":56,"column":21}},"56":{"start":{"line":57,"column":0},"end":{"line":57,"column":3}},"57":{"start":{"line":58,"column":0},"end":{"line":58,"column":1}}},"s":{"0":1,"1":1,"2":1,"3":1,"4":1,"5":1,"6":1,"7":1,"8":1,"9":1,"10":1,"11":1,"12":1,"13":2,"14":2,"15":2,"16":1,"17":1,"18":1,"19":1,"20":1,"21":1,"22":1,"23":1,"24":1,"25":1,"26":1,"27":1,"28":1,"29":1,"30":1,"31":1,"32":1,"33":1,"34":3,"35":3,"36":1,"37":1,"38":1,"39":1,"40":1,"41":1,"42":1,"43":1,"44":1,"45":1,"46":1,"47":1,"48":1,"49":1,"50":0,"51":0,"52":0,"53":0,"54":0,"55":0,"56":0,"57":1},"branchMap":{"0":{"type":"branch","line":4,"loc":{"start":{"line":4,"column":2},"end":{"line":5,"column":16}},"locations":[{"start":{"line":4,"column":2},"end":{"line":5,"column":16}}]},"1":{"type":"branch","line":7,"loc":{"start":{"line":7,"column":2},"end":{"line":11,"column":3}},"locations":[{"start":{"line":7,"column":2},"end":{"line":11,"column":3}}]},"2":{"type":"branch","line":13,"loc":{"start":{"line":13,"column":2},"end":{"line":16,"column":3}},"locations":[{"start":{"line":13,"column":2},"end":{"line":16,"column":3}}]},"3":{"type":"branch","line":19,"loc":{"start":{"line":19,"column":2},"end":{"line":25,"column":3}},"locations":[{"start":{"line":19,"column":2},"end":{"line":25,"column":3}}]},"4":{"type":"branch","line":20,"loc":{"start":{"line":20,"column":24},"end":{"line":20,"column":41}},"locations":[{"start":{"line":20,"column":24},"end":{"line":20,"column":41}}]},"5":{"type":"branch","line":28,"loc":{"start":{"line":28,"column":2},"end":{"line":31,"column":3}},"locations":[{"start":{"line":28,"column":2},"end":{"line":31,"column":3}}]},"6":{"type":"branch","line":29,"loc":{"start":{"line":29,"column":24},"end":{"line":29,"column":41}},"locations":[{"start":{"line":29,"column":24},"end":{"line":29,"column":41}}]},"7":{"type":"branch","line":34,"loc":{"start":{"line":34,"column":2},"end":{"line":36,"column":3}},"locations":[{"start":{"line":34,"column":2},"end":{"line":36,"column":3}}]},"8":{"type":"branch","line":39,"loc":{"start":{"line":39,"column":2},"end":{"line":42,"column":3}},"locations":[{"start":{"line":39,"column":2},"end":{"line":42,"column":3}}]},"9":{"type":"branch","line":45,"loc":{"start":{"line":45,"column":2},"end":{"line":47,"column":3}},"locations":[{"start":{"line":45,"column":2},"end":{"line":47,"column":3}}]}},"b":{"0":[1],"1":[1],"2":[2],"3":[1],"4":[0],"5":[1],"6":[0],"7":[3],"8":[1],"9":[1]},"fnMap":{"0":{"name":"<instance_members_initializer>","decl":{"start":{"line":4,"column":2},"end":{"line":5,"column":16}},"loc":{"start":{"line":4,"column":2},"end":{"line":5,"column":16}},"line":4},"1":{"name":"Stack","decl":{"start":{"line":7,"column":2},"end":{"line":11,"column":3}},"loc":{"start":{"line":7,"column":2},"end":{"line":11,"column":3}},"line":7},"2":{"name":"push","decl":{"start":{"line":13,"column":2},"end":{"line":16,"column":3}},"loc":{"start":{"line":13,"column":2},"end":{"line":16,"column":3}},"line":13},"3":{"name":"pop","decl":{"start":{"line":19,"column":2},"end":{"line":25,"column":3}},"loc":{"start":{"line":19,"column":2},"end":{"line":25,"column":3}},"line":19},"4":{"name":"peek","decl":{"start":{"line":28,"column":2},"end":{"line":31,"column":3}},"loc":{"start":{"line":28,"column":2},"end":{"line":31,"column":3}},"line":28},"5":{"name":"isEmpty","decl":{"start":{"line":34,"column":2},"end":{"line":36,"column":3}},"loc":{"start":{"line":34,"column":2},"end":{"line":36,"column":3}},"line":34},"6":{"name":"clear","decl":{"start":{"line":39,"column":2},"end":{"line":42,"column":3}},"loc":{"start":{"line":39,"column":2},"end":{"line":42,"column":3}},"line":39},"7":{"name":"size","decl":{"start":{"line":45,"column":2},"end":{"line":47,"column":3}},"loc":{"start":{"line":45,"column":2},"end":{"line":47,"column":3}},"line":45},"8":{"name":"toString","decl":{"start":{"line":50,"column":2},"end":{"line":57,"column":3}},"loc":{"start":{"line":50,"column":2},"end":{"line":57,"column":3}},"line":50}},"f":{"0":1,"1":1,"2":2,"3":1,"4":1,"5":3,"6":1,"7":1,"8":0}}
,"Z:\\Study\\MDU-Data-Structor\\structure\\module\\Tree.ts": {"path":"Z:\\Study\\MDU-Data-Structor\\structure\\module\\Tree.ts","all":false,"statementMap":{"0":{"start":{"line":1,"column":0},"end":{"line":1,"column":48}},"1":{"start":{"line":2,"column":0},"end":{"line":2,"column":46}},"2":{"start":{"line":3,"column":0},"end":{"line":3,"column":70}},"3":{"start":{"line":4,"column":0},"end":{"line":4,"column":0}},"4":{"start":{"line":5,"column":0},"end":{"line":5,"column":40}},"5":{"start":{"line":6,"column":0},"end":{"line":6,"column":0}},"6":{"start":{"line":7,"column":0},"end":{"line":7,"column":37}},"7":{"start":{"line":8,"column":0},"end":{"line":8,"column":0}},"8":{"start":{"line":9,"column":0},"end":{"line":9,"column":8}},"9":{"start":{"line":10,"column":0},"end":{"line":10,"column":52}},"10":{"start":{"line":11,"column":0},"end":{"line":11,"column":30}},"11":{"start":{"line":12,"column":0},"end":{"line":12,"column":26}},"12":{"start":{"line":13,"column":0},"end":{"line":13,"column":0}},"13":{"start":{"line":14,"column":0},"end":{"line":14,"column":60}},"14":{"start":{"line":15,"column":0},"end":{"line":15,"column":12}},"15":{"start":{"line":16,"column":0},"end":{"line":16,"column":31}},"16":{"start":{"line":17,"column":0},"end":{"line":17,"column":21}},"17":{"start":{"line":18,"column":0},"end":{"line":18,"column":3}},"18":{"start":{"line":19,"column":0},"end":{"line":19,"column":0}},"19":{"start":{"line":20,"column":0},"end":{"line":20,"column":20}},"20":{"start":{"line":21,"column":0},"end":{"line":21,"column":21}},"21":{"start":{"line":22,"column":0},"end":{"line":22,"column":41}},"22":{"start":{"line":23,"column":0},"end":{"line":23,"column":12}},"23":{"start":{"line":24,"column":0},"end":{"line":24,"column":40}},"24":{"start":{"line":25,"column":0},"end":{"line":25,"column":5}},"25":{"start":{"line":26,"column":0},"end":{"line":26,"column":3}},"26":{"start":{"line":27,"column":0},"end":{"line":27,"column":0}},"27":{"start":{"line":28,"column":0},"end":{"line":28,"column":20}},"28":{"start":{"line":29,"column":0},"end":{"line":29,"column":60}},"29":{"start":{"line":30,"column":0},"end":{"line":30,"column":3}},"30":{"start":{"line":31,"column":0},"end":{"line":31,"column":0}},"31":{"start":{"line":32,"column":0},"end":{"line":32,"column":21}},"32":{"start":{"line":33,"column":0},"end":{"line":33,"column":24}},"33":{"start":{"line":34,"column":0},"end":{"line":34,"column":35}},"34":{"start":{"line":35,"column":0},"end":{"line":35,"column":25}},"35":{"start":{"line":36,"column":0},"end":{"line":36,"column":3}},"36":{"start":{"line":37,"column":0},"end":{"line":37,"column":0}},"37":{"start":{"line":38,"column":0},"end":{"line":38,"column":22}},"38":{"start":{"line":39,"column":0},"end":{"line":39,"column":24}},"39":{"start":{"line":40,"column":0},"end":{"line":40,"column":36}},"40":{"start":{"line":41,"column":0},"end":{"line":41,"column":25}},"41":{"start":{"line":42,"column":0},"end":{"line":42,"column":3}},"42":{"start":{"line":43,"column":0},"end":{"line":43,"column":0}},"43":{"start":{"line":44,"column":0},"end":{"line":44,"column":23}},"44":{"start":{"line":45,"column":0},"end":{"line":45,"column":24}},"45":{"start":{"line":46,"column":0},"end":{"line":46,"column":37}},"46":{"start":{"line":47,"column":0},"end":{"line":47,"column":25}},"47":{"start":{"line":48,"column":0},"end":{"line":48,"column":3}},"48":{"start":{"line":49,"column":0},"end":{"line":49,"column":0}},"49":{"start":{"line":50,"column":0},"end":{"line":50,"column":9}},"50":{"start":{"line":51,"column":0},"end":{"line":51,"column":32}},"51":{"start":{"line":52,"column":0},"end":{"line":52,"column":35}},"52":{"start":{"line":53,"column":0},"end":{"line":53,"column":3}},"53":{"start":{"line":54,"column":0},"end":{"line":54,"column":0}},"54":{"start":{"line":55,"column":0},"end":{"line":55,"column":9}},"55":{"start":{"line":56,"column":0},"end":{"line":56,"column":32}},"56":{"start":{"line":57,"column":0},"end":{"line":57,"column":35}},"57":{"start":{"line":58,"column":0},"end":{"line":58,"column":3}},"58":{"start":{"line":59,"column":0},"end":{"line":59,"column":0}},"59":{"start":{"line":60,"column":0},"end":{"line":60,"column":20}},"60":{"start":{"line":61,"column":0},"end":{"line":61,"column":60}},"61":{"start":{"line":62,"column":0},"end":{"line":62,"column":3}},"62":{"start":{"line":63,"column":0},"end":{"line":63,"column":0}},"63":{"start":{"line":64,"column":0},"end":{"line":64,"column":53}},"64":{"start":{"line":65,"column":0},"end":{"line":65,"column":27}},"65":{"start":{"line":66,"column":0},"end":{"line":66,"column":66}},"66":{"start":{"line":67,"column":0},"end":{"line":67,"column":52}},"67":{"start":{"line":68,"column":0},"end":{"line":68,"column":18}},"68":{"start":{"line":69,"column":0},"end":{"line":69,"column":73}},"69":{"start":{"line":70,"column":0},"end":{"line":70,"column":54}},"70":{"start":{"line":71,"column":0},"end":{"line":71,"column":18}},"71":{"start":{"line":72,"column":0},"end":{"line":72,"column":12}},"72":{"start":{"line":73,"column":0},"end":{"line":73,"column":10}},"73":{"start":{"line":74,"column":0},"end":{"line":74,"column":38}},"74":{"start":{"line":75,"column":0},"end":{"line":75,"column":20}},"75":{"start":{"line":76,"column":0},"end":{"line":76,"column":20}},"76":{"start":{"line":77,"column":0},"end":{"line":77,"column":7}},"77":{"start":{"line":78,"column":0},"end":{"line":78,"column":10}},"78":{"start":{"line":79,"column":0},"end":{"line":79,"column":23}},"79":{"start":{"line":80,"column":0},"end":{"line":80,"column":26}},"80":{"start":{"line":81,"column":0},"end":{"line":81,"column":20}},"81":{"start":{"line":82,"column":0},"end":{"line":82,"column":31}},"82":{"start":{"line":83,"column":0},"end":{"line":83,"column":25}},"83":{"start":{"line":84,"column":0},"end":{"line":84,"column":20}},"84":{"start":{"line":85,"column":0},"end":{"line":85,"column":7}},"85":{"start":{"line":86,"column":0},"end":{"line":86,"column":10}},"86":{"start":{"line":87,"column":0},"end":{"line":87,"column":43}},"87":{"start":{"line":88,"column":0},"end":{"line":88,"column":25}},"88":{"start":{"line":89,"column":0},"end":{"line":89,"column":29}},"89":{"start":{"line":90,"column":0},"end":{"line":90,"column":58}},"90":{"start":{"line":91,"column":0},"end":{"line":91,"column":18}},"91":{"start":{"line":92,"column":0},"end":{"line":92,"column":5}},"92":{"start":{"line":93,"column":0},"end":{"line":93,"column":3}},"93":{"start":{"line":94,"column":0},"end":{"line":94,"column":0}},"94":{"start":{"line":95,"column":0},"end":{"line":95,"column":22}},"95":{"start":{"line":96,"column":0},"end":{"line":96,"column":45}},"96":{"start":{"line":97,"column":0},"end":{"line":97,"column":3}},"97":{"start":{"line":98,"column":0},"end":{"line":98,"column":0}},"98":{"start":{"line":99,"column":0},"end":{"line":99,"column":77}},"99":{"start":{"line":100,"column":0},"end":{"line":100,"column":25}},"100":{"start":{"line":101,"column":0},"end":{"line":101,"column":32}},"101":{"start":{"line":102,"column":0},"end":{"line":102,"column":54}},"102":{"start":{"line":103,"column":0},"end":{"line":103,"column":55}},"103":{"start":{"line":104,"column":0},"end":{"line":104,"column":30}},"104":{"start":{"line":105,"column":0},"end":{"line":105,"column":3}},"105":{"start":{"line":106,"column":0},"end":{"line":106,"column":0}},"106":{"start":{"line":107,"column":0},"end":{"line":107,"column":21}},"107":{"start":{"line":108,"column":0},"end":{"line":108,"column":32}},"108":{"start":{"line":109,"column":0},"end":{"line":109,"column":12}},"109":{"start":{"line":110,"column":0},"end":{"line":110,"column":28}},"110":{"start":{"line":111,"column":0},"end":{"line":111,"column":27}},"111":{"start":{"line":112,"column":0},"end":{"line":112,"column":66}},"112":{"start":{"line":113,"column":0},"end":{"line":113,"column":22}},"113":{"start":{"line":114,"column":0},"end":{"line":114,"column":47}},"114":{"start":{"line":115,"column":0},"end":{"line":115,"column":73}},"115":{"start":{"line":116,"column":0},"end":{"line":116,"column":12}},"116":{"start":{"line":117,"column":0},"end":{"line":117,"column":48}},"117":{"start":{"line":118,"column":0},"end":{"line":118,"column":12}},"118":{"start":{"line":119,"column":0},"end":{"line":119,"column":18}},"119":{"start":{"line":120,"column":0},"end":{"line":120,"column":5}},"120":{"start":{"line":121,"column":0},"end":{"line":121,"column":3}},"121":{"start":{"line":122,"column":0},"end":{"line":122,"column":0}},"122":{"start":{"line":123,"column":0},"end":{"line":123,"column":10}},"123":{"start":{"line":124,"column":0},"end":{"line":124,"column":37}},"124":{"start":{"line":125,"column":0},"end":{"line":125,"column":43}},"125":{"start":{"line":126,"column":0},"end":{"line":126,"column":15}},"126":{"start":{"line":127,"column":0},"end":{"line":127,"column":3}},"127":{"start":{"line":128,"column":0},"end":{"line":128,"column":0}},"128":{"start":{"line":129,"column":0},"end":{"line":129,"column":10}},"129":{"start":{"line":130,"column":0},"end":{"line":130,"column":37}},"130":{"start":{"line":131,"column":0},"end":{"line":131,"column":45}},"131":{"start":{"line":132,"column":0},"end":{"line":132,"column":15}},"132":{"start":{"line":133,"column":0},"end":{"line":133,"column":3}},"133":{"start":{"line":134,"column":0},"end":{"line":134,"column":0}},"134":{"start":{"line":135,"column":0},"end":{"line":135,"column":13}},"135":{"start":{"line":136,"column":0},"end":{"line":136,"column":69}},"136":{"start":{"line":137,"column":0},"end":{"line":137,"column":22}},"137":{"start":{"line":138,"column":0},"end":{"line":138,"column":45}},"138":{"start":{"line":139,"column":0},"end":{"line":139,"column":35}},"139":{"start":{"line":140,"column":0},"end":{"line":140,"column":44}},"140":{"start":{"line":141,"column":0},"end":{"line":141,"column":36}},"141":{"start":{"line":142,"column":0},"end":{"line":142,"column":46}},"142":{"start":{"line":143,"column":0},"end":{"line":143,"column":3}},"143":{"start":{"line":144,"column":0},"end":{"line":144,"column":0}},"144":{"start":{"line":145,"column":0},"end":{"line":145,"column":9}},"145":{"start":{"line":146,"column":0},"end":{"line":146,"column":60}},"146":{"start":{"line":147,"column":0},"end":{"line":147,"column":75}},"147":{"start":{"line":148,"column":0},"end":{"line":148,"column":20}},"148":{"start":{"line":149,"column":0},"end":{"line":149,"column":32}},"149":{"start":{"line":150,"column":0},"end":{"line":150,"column":52}},"150":{"start":{"line":151,"column":0},"end":{"line":151,"column":15}},"151":{"start":{"line":152,"column":0},"end":{"line":152,"column":7}},"152":{"start":{"line":153,"column":0},"end":{"line":153,"column":49}},"153":{"start":{"line":154,"column":0},"end":{"line":154,"column":12}},"154":{"start":{"line":155,"column":0},"end":{"line":155,"column":20}},"155":{"start":{"line":156,"column":0},"end":{"line":156,"column":33}},"156":{"start":{"line":157,"column":0},"end":{"line":157,"column":53}},"157":{"start":{"line":158,"column":0},"end":{"line":158,"column":15}},"158":{"start":{"line":159,"column":0},"end":{"line":159,"column":7}},"159":{"start":{"line":160,"column":0},"end":{"line":160,"column":50}},"160":{"start":{"line":161,"column":0},"end":{"line":161,"column":5}},"161":{"start":{"line":162,"column":0},"end":{"line":162,"column":3}},"162":{"start":{"line":163,"column":0},"end":{"line":163,"column":1}},"163":{"start":{"line":164,"column":0},"end":{"line":164,"column":0}},"164":{"start":{"line":165,"column":0},"end":{"line":165,"column":21}},"165":{"start":{"line":166,"column":0},"end":{"line":166,"column":21}},"166":{"start":{"line":167,"column":0},"end":{"line":167,"column":28}},"167":{"start":{"line":168,"column":0},"end":{"line":168,"column":13}},"168":{"start":{"line":169,"column":0},"end":{"line":169,"column":27}},"169":{"start":{"line":170,"column":0},"end":{"line":170,"column":20}},"170":{"start":{"line":171,"column":0},"end":{"line":171,"column":2}},"171":{"start":{"line":172,"column":0},"end":{"line":172,"column":0}},"172":{"start":{"line":173,"column":0},"end":{"line":173,"column":8}},"173":{"start":{"line":174,"column":0},"end":{"line":174,"column":53}},"174":{"start":{"line":175,"column":0},"end":{"line":175,"column":60}},"175":{"start":{"line":176,"column":0},"end":{"line":176,"column":21}},"176":{"start":{"line":177,"column":0},"end":{"line":177,"column":3}},"177":{"start":{"line":178,"column":0},"end":{"line":178,"column":0}},"178":{"start":{"line":179,"column":0},"end":{"line":179,"column":21}},"179":{"start":{"line":180,"column":0},"end":{"line":180,"column":26}},"180":{"start":{"line":181,"column":0},"end":{"line":181,"column":53}},"181":{"start":{"line":182,"column":0},"end":{"line":182,"column":3}},"182":{"start":{"line":183,"column":0},"end":{"line":183,"column":0}},"183":{"start":{"line":184,"column":0},"end":{"line":184,"column":29}},"184":{"start":{"line":185,"column":0},"end":{"line":185,"column":53}},"185":{"start":{"line":186,"column":0},"end":{"line":186,"column":20}},"186":{"start":{"line":187,"column":0},"end":{"line":187,"column":30}},"187":{"start":{"line":188,"column":0},"end":{"line":188,"column":3}},"188":{"start":{"line":189,"column":0},"end":{"line":189,"column":0}},"189":{"start":{"line":190,"column":0},"end":{"line":190,"column":9}},"190":{"start":{"line":191,"column":0},"end":{"line":191,"column":24}},"191":{"start":{"line":192,"column":0},"end":{"line":192,"column":32}},"192":{"start":{"line":193,"column":0},"end":{"line":193,"column":65}},"193":{"start":{"line":194,"column":0},"end":{"line":194,"column":3}},"194":{"start":{"line":195,"column":0},"end":{"line":195,"column":0}},"195":{"start":{"line":196,"column":0},"end":{"line":196,"column":16}},"196":{"start":{"line":197,"column":0},"end":{"line":197,"column":79}},"197":{"start":{"line":198,"column":0},"end":{"line":198,"column":34}},"198":{"start":{"line":199,"column":0},"end":{"line":199,"column":27}},"199":{"start":{"line":200,"column":0},"end":{"line":200,"column":17}},"200":{"start":{"line":201,"column":0},"end":{"line":201,"column":49}},"201":{"start":{"line":202,"column":0},"end":{"line":202,"column":15}},"202":{"start":{"line":203,"column":0},"end":{"line":203,"column":53}},"203":{"start":{"line":204,"column":0},"end":{"line":204,"column":37}},"204":{"start":{"line":205,"column":0},"end":{"line":205,"column":57}},"205":{"start":{"line":206,"column":0},"end":{"line":206,"column":10}},"206":{"start":{"line":207,"column":0},"end":{"line":207,"column":46}},"207":{"start":{"line":208,"column":0},"end":{"line":208,"column":57}},"208":{"start":{"line":209,"column":0},"end":{"line":209,"column":9}},"209":{"start":{"line":210,"column":0},"end":{"line":210,"column":37}},"210":{"start":{"line":211,"column":0},"end":{"line":211,"column":7}},"211":{"start":{"line":212,"column":0},"end":{"line":212,"column":63}},"212":{"start":{"line":213,"column":0},"end":{"line":213,"column":43}},"213":{"start":{"line":214,"column":0},"end":{"line":214,"column":7}},"214":{"start":{"line":215,"column":0},"end":{"line":215,"column":5}},"215":{"start":{"line":216,"column":0},"end":{"line":216,"column":54}},"216":{"start":{"line":217,"column":0},"end":{"line":217,"column":25}},"217":{"start":{"line":218,"column":0},"end":{"line":218,"column":59}},"218":{"start":{"line":219,"column":0
[...]
":[{"start":{"line":138,"column":43},"end":{"line":140,"column":27}}]},"45":{"type":"branch","line":140,"loc":{"start":{"line":140,"column":23},"end":{"line":140,"column":44}},"locations":[{"start":{"line":140,"column":23},"end":{"line":140,"column":44}}]},"46":{"type":"branch","line":140,"loc":{"start":{"line":140,"column":42},"end":{"line":142,"column":29}},"locations":[{"start":{"line":140,"column":42},"end":{"line":142,"column":29}}]},"47":{"type":"branch","line":142,"loc":{"start":{"line":142,"column":25},"end":{"line":142,"column":46}},"locations":[{"start":{"line":142,"column":25},"end":{"line":142,"column":46}}]},"48":{"type":"branch","line":146,"loc":{"start":{"line":146,"column":10},"end":{"line":162,"column":3}},"locations":[{"start":{"line":146,"column":10},"end":{"line":162,"column":3}}]},"49":{"type":"branch","line":147,"loc":{"start":{"line":147,"column":74},"end":{"line":154,"column":11}},"locations":[{"start":{"line":147,"column":74},"end":{"line":154,"column":11}}]},"50":{"type":"branch","line":152,"loc":{"start":{"line":152,"column":6},"end":{"line":154,"column":11}},"locations":[{"start":{"line":152,"column":6},"end":{"line":154,"column":11}}]},"51":{"type":"branch","line":154,"loc":{"start":{"line":154,"column":4},"end":{"line":161,"column":5}},"locations":[{"start":{"line":154,"column":4},"end":{"line":161,"column":5}}]},"52":{"type":"branch","line":156,"loc":{"start":{"line":156,"column":32},"end":{"line":159,"column":7}},"locations":[{"start":{"line":156,"column":32},"end":{"line":159,"column":7}}]},"53":{"type":"branch","line":159,"loc":{"start":{"line":159,"column":6},"end":{"line":161,"column":5}},"locations":[{"start":{"line":159,"column":6},"end":{"line":161,"column":5}}]},"54":{"type":"branch","line":175,"loc":{"start":{"line":175,"column":2},"end":{"line":177,"column":3}},"locations":[{"start":{"line":175,"column":2},"end":{"line":177,"column":3}}]},"55":{"type":"branch","line":180,"loc":{"start":{"line":180,"column":2},"end":{"line":182,"column":3}},"locations":[{"start":{"line":180,"column":2},"end":{"line":182,"column":3}}]},"56":{"type":"branch","line":184,"loc":{"start":{"line":184,"column":2},"end":{"line":188,"column":3}},"locations":[{"start":{"line":184,"column":2},"end":{"line":188,"column":3}}]},"57":{"type":"branch","line":187,"loc":{"start":{"line":187,"column":17},"end":{"line":187,"column":30}},"locations":[{"start":{"line":187,"column":17},"end":{"line":187,"column":30}}]},"58":{"type":"branch","line":191,"loc":{"start":{"line":191,"column":2},"end":{"line":194,"column":3}},"locations":[{"start":{"line":191,"column":2},"end":{"line":194,"column":3}}]},"59":{"type":"branch","line":192,"loc":{"start":{"line":192,"column":20},"end":{"line":192,"column":32}},"locations":[{"start":{"line":192,"column":20},"end":{"line":192,"column":32}}]},"60":{"type":"branch","line":197,"loc":{"start":{"line":197,"column":2},"end":{"line":230,"column":3}},"locations":[{"start":{"line":197,"column":2},"end":{"line":230,"column":3}}]},"61":{"type":"branch","line":199,"loc":{"start":{"line":199,"column":15},"end":{"line":199,"column":27}},"locations":[{"start":{"line":199,"column":15},"end":{"line":199,"column":27}}]},"62":{"type":"branch","line":203,"loc":{"start":{"line":203,"column":52},"end":{"line":215,"column":5}},"locations":[{"start":{"line":203,"column":52},"end":{"line":215,"column":5}}]},"63":{"type":"branch","line":211,"loc":{"start":{"line":211,"column":6},"end":{"line":214,"column":7}},"locations":[{"start":{"line":211,"column":6},"end":{"line":214,"column":7}}]},"64":{"type":"branch","line":215,"loc":{"start":{"line":215,"column":4},"end":{"line":216,"column":53}},"locations":[{"start":{"line":215,"column":4},"end":{"line":216,"column":53}}]},"65":{"type":"branch","line":216,"loc":{"start":{"line":216,"column":53},"end":{"line":228,"column":5}},"locations":[{"start":{"line":216,"column":53},"end":{"line":228,"column":5}}]},"66":{"type":"branch","line":228,"loc":{"start":{"line":228,"column":4},"end":{"line":229,"column":16}},"locations":[{"start":{"line":228,"column":4},"end":{"line":229,"column":16}}]},"67":{"type":"branch","line":233,"loc":{"start":{"line":233,"column":10},"end":{"line":261,"column":3}},"locations":[{"start":{"line":233,"column":10},"end":{"line":261,"column":3}}]},"68":{"type":"branch","line":234,"loc":{"start":{"line":234,"column":15},"end":{"line":236,"column":15}},"locations":[{"start":{"line":234,"column":15},"end":{"line":236,"column":15}}]},"69":{"type":"branch","line":236,"loc":{"start":{"line":236,"column":4},"end":{"line":245,"column":48}},"locations":[{"start":{"line":236,"column":4},"end":{"line":245,"column":48}}]},"70":{"type":"branch","line":236,"loc":{"start":{"line":236,"column":72},"end":{"line":238,"column":15}},"locations":[{"start":{"line":236,"column":72},"end":{"line":238,"column":15}}]},"71":{"type":"branch","line":238,"loc":{"start":{"line":238,"column":4},"end":{"line":242,"column":5}},"locations":[{"start":{"line":238,"column":4},"end":{"line":242,"column":5}}]},"72":{"type":"branch","line":240,"loc":{"start":{"line":240,"column":4},"end":{"line":242,"column":5}},"locations":[{"start":{"line":240,"column":4},"end":{"line":242,"column":5}}]},"73":{"type":"branch","line":245,"loc":{"start":{"line":245,"column":48},"end":{"line":251,"column":5}},"locations":[{"start":{"line":245,"column":48},"end":{"line":251,"column":5}}]},"74":{"type":"branch","line":248,"loc":{"start":{"line":248,"column":6},"end":{"line":250,"column":7}},"locations":[{"start":{"line":248,"column":6},"end":{"line":250,"column":7}}]},"75":{"type":"branch","line":251,"loc":{"start":{"line":251,"column":4},"end":{"line":253,"column":49}},"locations":[{"start":{"line":251,"column":4},"end":{"line":253,"column":49}}]},"76":{"type":"branch","line":253,"loc":{"start":{"line":253,"column":49},"end":{"line":259,"column":5}},"locations":[{"start":{"line":253,"column":49},"end":{"line":259,"column":5}}]},"77":{"type":"branch","line":254,"loc":{"start":{"line":254,"column":74},"end":{"line":258,"column":7}},"locations":[{"start":{"line":254,"column":74},"end":{"line":258,"column":7}}]},"78":{"type":"branch","line":259,"loc":{"start":{"line":259,"column":4},"end":{"line":260,"column":16}},"locations":[{"start":{"line":259,"column":4},"end":{"line":260,"column":16}}]},"79":{"type":"branch","line":264,"loc":{"start":{"line":264,"column":10},"end":{"line":267,"column":3}},"locations":[{"start":{"line":264,"column":10},"end":{"line":267,"column":3}}]},"80":{"type":"branch","line":276,"loc":{"start":{"line":276,"column":10},"end":{"line":281,"column":3}},"locations":[{"start":{"line":276,"column":10},"end":{"line":281,"column":3}}]},"81":{"type":"branch","line":284,"loc":{"start":{"line":284,"column":10},"end":{"line":289,"column":3}},"locations":[{"start":{"line":284,"column":10},"end":{"line":289,"column":3}}]},"82":{"type":"branch","line":292,"loc":{"start":{"line":292,"column":10},"end":{"line":307,"column":3}},"locations":[{"start":{"line":292,"column":10},"end":{"line":307,"column":3}}]},"83":{"type":"branch","line":296,"loc":{"start":{"line":296,"column":6},"end":{"line":297,"column":43}},"locations":[{"start":{"line":296,"column":6},"end":{"line":297,"column":43}}]},"84":{"type":"branch","line":298,"loc":{"start":{"line":298,"column":6},"end":{"line":299,"column":50}},"locations":[{"start":{"line":298,"column":6},"end":{"line":299,"column":50}}]},"85":{"type":"branch","line":300,"loc":{"start":{"line":300,"column":6},"end":{"line":301,"column":49}},"locations":[{"start":{"line":300,"column":6},"end":{"line":301,"column":49}}]},"86":{"type":"branch","line":302,"loc":{"start":{"line":302,"column":6},"end":{"line":303,"column":42}},"locations":[{"start":{"line":302,"column":6},"end":{"line":303,"column":42}}]},"87":{"type":"branch","line":304,"loc":{"start":{"line":304,"column":6},"end":{"line":305,"column":35}},"locations":[{"start":{"line":304,"column":6},"end":{"line":305,"column":35}}]},"88":{"type":"branch","line":310,"loc":{"start":{"line":310,"column":10},"end":{"line":317,"column":3}},"locations":[{"start":{"line":310,"column":10},"end":{"line":317,"column":3}}]},"89":{"type":"branch","line":311,"loc":{"start":{"line":311,"column":15},"end":{"line":311,"column":25}},"locations":[{"start":{"line":311,"column":15},"end":{"line":311,"column":25}}]},"90":{"type":"branch","line":311,"loc":{"start":{"line":311,"column":22},"end":{"line":316,"column":19}},"locations":[{"start":{"line":311,"column":22},"end":{"line":316,"column":19}}]}},"b":{"0":[2],"1":[2],"2":[6],"3":[1],"4":[5],"5":[1],"6":[0],"7":[10],"8":[2],"9":[2],"10":[1],"11":[0],"12":[1],"13":[0],"14":[3],"15":[0],"16":[15],"17":[0],"18":[2],"19":[13],"20":[6],"21":[7],"22":[6],"23":[5],"24":[2],"25":[1],"26":[0],"27":[2],"28":[20],"29":[11],"30":[9],"31":[2],"32":[0],"33":[0],"34":[1],"35":[2],"36":[3],"37":[1],"38":[1],"39":[2],"40":[134],"41":[74],"42":[60],"43":[9],"44":[60],"45":[42],"46":[60],"47":[9],"48":[10],"49":[2],"50":[0],"51":[8],"52":[3],"53":[5],"54":[1],"55":[6],"56":[3],"57":[0],"58":[2],"59":[0],"60":[3],"61":[0],"62":[1],"63":[0],"64":[2],"65":[0],"66":[2],"67":[17],"68":[6],"69":[11],"70":[4],"71":[7],"72":[0],"73":[1],"74":[0],"75":[11],"76":[2],"77":[1],"78":[10],"79":[1],"80":[3],"81":[2],"82":[17],"83":[2],"84":[5],"85":[5],"86":[2],"87":[3],"88":[116],"89":[75],"90":[41]},"fnMap":{"0":{"name":"<instance_members_initializer>","decl":{"start":{"line":11,"column":2},"end":{"line":12,"column":26}},"loc":{"start":{"line":11,"column":2},"end":{"line":12,"column":26}},"line":11},"1":{"name":"BinarySearchTree","decl":{"start":{"line":14,"column":2},"end":{"line":18,"column":3}},"loc":{"start":{"line":14,"column":2},"end":{"line":18,"column":3}},"line":14},"2":{"name":"insert","decl":{"start":{"line":20,"column":2},"end":{"line":26,"column":3}},"loc":{"start":{"line":20,"column":2},"end":{"line":26,"column":3}},"line":20},"3":{"name":"search","decl":{"start":{"line":28,"column":2},"end":{"line":30,"column":3}},"loc":{"start":{"line":28,"column":2},"end":{"line":30,"column":3}},"line":28},"4":{"name":"inOrderTraverse","decl":{"start":{"line":32,"column":2},"end":{"line":36,"column":3}},"loc":{"start":{"line":32,"column":2},"end":{"line":36,"column":3}},"line":32},"5":{"name":"preOrderTraverse","decl":{"start":{"line":38,"column":2},"end":{"line":42,"column":3}},"loc":{"start":{"line":38,"column":2},"end":{"line":42,"column":3}},"line":38},"6":{"name":"postOrderTraverse","decl":{"start":{"line":44,"column":2},"end":{"line":48,"column":3}},"loc":{"start":{"line":44,"column":2},"end":{"line":48,"column":3}},"line":44},"7":{"name":"min","decl":{"start":{"line":50,"column":2},"end":{"line":53,"column":3}},"loc":{"start":{"line":50,"column":2},"end":{"line":53,"column":3}},"line":50},"8":{"name":"max","decl":{"start":{"line":55,"column":2},"end":{"line":58,"column":3}},"loc":{"start":{"line":55,"column":2},"end":{"line":58,"column":3}},"line":55},"9":{"name":"remove","decl":{"start":{"line":60,"column":2},"end":{"line":62,"column":3}},"loc":{"start":{"line":60,"column":2},"end":{"line":62,"column":3}},"line":60},"10":{"name":"removeNode","decl":{"start":{"line":64,"column":2},"end":{"line":93,"column":3}},"loc":{"start":{"line":64,"column":2},"end":{"line":93,"column":3}},"line":64},"11":{"name":"toString","decl":{"start":{"line":95,"column":2},"end":{"line":97,"column":3}},"loc":{"start":{"line":95,"column":2},"end":{"line":97,"column":3}},"line":95},"12":{"name":"getNodeString","decl":{"start":{"line":99,"column":10},"end":{"line":105,"column":3}},"loc":{"start":{"line":99,"column":10},"end":{"line":105,"column":3}},"line":99},"13":{"name":"searchNode","decl":{"start":{"line":107,"column":10},"end":{"line":121,"column":3}},"loc":{"start":{"line":107,"column":10},"end":{"line":121,"column":3}},"line":107},"14":{"name":"minNode","decl":{"start":{"line":124,"column":10},"end":{"line":127,"column":3}},"loc":{"start":{"line":124,"column":10},"end":{"line":127,"column":3}},"line":124},"15":{"name":"maxNode","decl":{"start":{"line":130,"column":10},"end":{"line":133,"column":3}},"loc":{"start":{"line":130,"column":10},"end":{"line":133,"column":3}},"line":130},"16":{"name":"dfs","decl":{"start":{"line":136,"column":10},"end":{"line":143,"column":3}},"loc":{"start":{"line":136,"column":10},"end":{"line":143,"column":3}},"line":136},"17":{"name":"insertNode","decl":{"start":{"line":146,"column":10},"end":{"line":162,"column":3}},"loc":{"start":{"line":146,"column":10},"end":{"line":162,"column":3}},"line":146},"18":{"name":"AVLTree","decl":{"start":{"line":175,"column":2},"end":{"line":177,"column":3}},"loc":{"start":{"line":175,"column":2},"end":{"line":177,"column":3}},"line":175},"19":{"name":"insert","decl":{"start":{"line":180,"column":2},"end":{"line":182,"column":3}},"loc":{"start":{"line":180,"column":2},"end":{"line":182,"column":3}},"line":180},"20":{"name":"remove","decl":{"start":{"line":184,"column":2},"end":{"line":188,"column":3}},"loc":{"start":{"line":184,"column":2},"end":{"line":188,"column":3}},"line":184},"21":{"name":"isBalance","decl":{"start":{"line":191,"column":2},"end":{"line":194,"column":3}},"loc":{"start":{"line":191,"column":2},"end":{"line":194,"column":3}},"line":191},"22":{"name":"removeAVLNode","decl":{"start":{"line":197,"column":2},"end":{"line":230,"column":3}},"loc":{"start":{"line":197,"column":2},"end":{"line":230,"column":3}},"line":197},"23":{"name":"insertAVLNode","decl":{"start":{"line":233,"column":10},"end":{"line":261,"column":3}},"loc":{"start":{"line":233,"column":10},"end":{"line":261,"column":3}},"line":233},"24":{"name":"rotationRL","decl":{"start":{"line":264,"column":10},"end":{"line":267,"column":3}},"loc":{"start":{"line":264,"column":10},"end":{"line":267,"column":3}},"line":264},"25":{"name":"rotationLR","decl":{"start":{"line":270,"column":10},"end":{"line":273,"column":3}},"loc":{"start":{"line":270,"column":10},"end":{"line":273,"column":3}},"line":270},"26":{"name":"rotationLL","decl":{"start":{"line":276,"column":10},"end":{"line":281,"column":3}},"loc":{"start":{"line":276,"column":10},"end":{"line":281,"column":3}},"line":276},"27":{"name":"rotationRR","decl":{"start":{"line":284,"column":10},"end":{"line":289,"column":3}},"loc":{"start":{"line":284,"column":10},"end":{"line":289,"column":3}},"line":284},"28":{"name":"checkBalanced","decl":{"start":{"line":292,"column":10},"end":{"line":307,"column":3}},"loc":{"start":{"line":292,"column":10},"end":{"line":307,"column":3}},"line":292},"29":{"name":"getNodeHeight","decl":{"start":{"line":310,"column":10},"end":{"line":317,"column":3}},"loc":{"start":{"line":310,"column":10},"end":{"line":317,"column":3}},"line":310}},"f":{"0":2,"1":2,"2":6,"3":1,"4":10,"5":2,"6":2,"7":1,"8":1,"9":3,"10":15,"11":2,"12":20,"13":2,"14":2,"15":1,"16":134,"17":10,"18":1,"19":6,"20":3,"21":2,"22":3,"23":17,"24":1,"25":0,"26":3,"27":2,"28":17,"29":116}}
,"Z:\\Study\\MDU-Data-Structor\\structure\\utils\\compare.ts": {"path":"Z:\\Study\\MDU-Data-Structor\\structure\\utils\\compare.ts","all":false,"statementMap":{"0":{"start":{"line":1,"column":0},"end":{"line":1,"column":24}},"1":{"start":{"line":2,"column":0},"end":{"line":2,"column":11}},"2":{"start":{"line":3,"column":0},"end":{"line":3,"column":16}},"3":{"start":{"line":4,"column":0},"end":{"line":4,"column":15}},"4":{"start":{"line":5,"column":0},"end":{"line":5,"column":2}},"5":{"start":{"line":6,"column":0},"end":{"line":6,"column":0}},"6":{"start":{"line":7,"column":0},"end":{"line":7,"column":27}},"7":{"start":{"line":8,"column":0},"end":{"line":8,"column":0}},"8":{"start":{"line":9,"column":0},"end":{"line":9,"column":50}},"9":{"start":{"line":10,"column":0},"end":{"line":10,"column":0}},"10":{"start":{"line":11,"column":0},"end":{"line":11,"column":47}},"11":{"start":{"line":12,"column":0},"end":{"line":12,"column":24}},"12":{"start":{"line":13,"column":0},"end":{"line":13,"column":23}},"13":{"start":{"line":14,"column":0},"end":{"line":14,"column":11}},"14":{"start":{"line":15,"column":0},"end":{"line":15,"column":1}},"15":{"start":{"line":16,"column":0},"end":{"line":16,"column":0}},"16":{"start":{"line":17,"column":0},"end":{"line":17,"column":47}},"17":{"start":{"line":18,"column":0},"end":{"line":18,"column":17}},"18":{"start":{"line":19,"column":0},"end":{"line":19,"column":1}}},"s":{"0":1,"1":1,"2":1,"3":1,"4":1,"5":1,"6":1,"7":1,"8":1,"9":1,"10":1,"11":63,"12":63,"13":37,"14":37,"15":1,"16":1,"17":10,"18":10},"branchMap":{"0":{"type":"branch","line":11,"loc":{"start":{"line":11,"column":7},"end":{"line":15,"column":1}},"locations":[{"start":{"line":11,"column":7},"end":{"line":15,"column":1}}]},"1":{"type":"branch","line":12,"loc":{"start":{"line":12,"column":15},"end":{"line":12,"column":24}},"locations":[{"start":{"line":12,"column":15},"end":{"line":12,"column":24}}]},"2":{"type":"branch","line":12,"loc":{"start":{"line":12,"column":22},"end":{"line":13,"column":20}},"locations":[{"start":{"line":12,"column":22},"end":{"line":13,"column":20}}]},"3":{"type":"branch","line":13,"loc":{"start":{"line":13,"column":13},"end":{"line":13,"column":23}},"locations":[{"start":{"line":13,"column":13},"end":{"line":13,"column":23}}]},"4":{"type":"branch","line":13,"loc":{"start":{"line":13,"column":20},"end":{"line":15,"column":1}},"locations":[{"start":{"line":13,"column":20},"end":{"line":15,"column":1}}]},"5":{"type":"branch","line":17,"loc":{"start":{"line":17,"column":7},"end":{"line":19,"column":1}},"locations":[{"start":{"line":17,"column":7},"end":{"line":19,"column":1}}]}},"b":{"0":[63],"1":[16],"2":[47],"3":[10],"4":[37],"5":[10]},"fnMap":{"0":{"name":"defaultCompare","decl":{"start":{"line":11,"column":7},"end":{"line":15,"column":1}},"loc":{"start":{"line":11,"column":7},"end":{"line":15,"column":1}},"line":11},"1":{"name":"defaultIsEqual","decl":{"start":{"line":17,"column":7},"end":{"line":19,"column":1}},"loc":{"start":{"line":17,"column":7},"end":{"line":19,"column":1}},"line":17}},"f":{"0":63,"1":10}}
,"Z:\\Study\\MDU-Data-Structor\\structure\\utils\\tools.ts": {"path":"Z:\\Study\\MDU-Data-Structor\\structure\\utils\\tools.ts","all":false,"statementMap":{"0":{"start":{"line":1,"column":0},"end":{"line":1,"column":3}},"1":{"start":{"line":2,"column":0},"end":{"line":2,"column":23}},"2":{"start":{"line":3,"column":0},"end":{"line":3,"column":20}},"3":{"start":{"line":4,"column":0},"end":{"line":4,"column":3}},"4":{"start":{"line":5,"column":0},"end":{"line":5,"column":24}},"5":{"start":{"line":6,"column":0},"end":{"line":6,"column":31}},"6":{"start":{"line":7,"column":0},"end":{"line":7,"column":73}},"7":{"start":{"line":8,"column":0},"end":{"line":8,"column":46}},"8":{"start":{"line":9,"column":0},"end":{"line":9,"column":27}},"9":{"start":{"line":10,"column":0},"end":{"line":10,"column":57}},"10":{"start":{"line":11,"column":0},"end":{"line":11,"column":5}},"11":{"start":{"line":12,"column":0},"end":{"line":12,"column":1}}},"s":{"0":1,"1":1,"2":1,"3":1,"4":1,"5":12,"6":12,"7":372,"8":372,"9":372,"10":12,"11":12},"branchMap":{"0":{"type":"branch","line":5,"loc":{"start":{"line":5,"column":7},"end":{"line":12,"column":1}},"locations":[{"start":{"line":5,"column":7},"end":{"line":12,"column":1}}]},"1":{"type":"branch","line":7,"loc":{"start":{"line":7,"column":65},"end":{"line":11,"column":3}},"locations":[{"start":{"line":7,"column":65},"end":{"line":11,"column":3}}]},"2":{"type":"branch","line":10,"loc":{"start":{"line":10,"column":17},"end":{"line":10,"column":28}},"locations":[{"start":{"line":10,"column":17},"end":{"line":10,"column":28}}]},"3":{"type":"branch","line":10,"loc":{"start":{"line":10,"column":23},"end":{"line":10,"column":44}},"locations":[{"start":{"line":10,"column":23},"end":{"line":10,"column":44}}]}},"b":{"0":[12],"1":[372],"2":[360],"3":[12]},"fnMap":{"0":{"name":"guid","decl":{"start":{"line":5,"column":7},"end":{"line":12,"column":1}},"loc":{"start":{"line":5,"column":7},"end":{"line":12,"column":1}},"line":5}},"f":{"0":12}}
}
